<?xml version="1.0" encoding="UTF-8"?>
<testsuite name="snake.basic.PlacementTests" tests="4" skipped="0" failures="1" errors="0" timestamp="2024-09-17T20:29:01" hostname="LAPTOP-68J58FIR" time="0.198">
  <properties/>
  <testcase name="testStartCorrectly" classname="snake.basic.PlacementTests" time="0.129"/>
  <testcase name="testApplePos3" classname="snake.basic.PlacementTests" time="0.004"/>
  <testcase name="testApplePos8" classname="snake.basic.PlacementTests" time="0.003"/>
  <testcase name="testNoRoomForApple" classname="snake.basic.PlacementTests" time="0.056">
    <failure message="org.scalatest.exceptions.TestFailedException: didPass was false&#10;Hint: No apple should be placed if the entire playing field is filled with the snake body.&#10;--------------------------------------------------------------------------------&#10;This is what went wrong:&#10;&#10;step=0, rand=2, actions=&lt;&gt;&#10;Want   | Got ✓ &#10;---------------&#10;OO&gt;..A | OO&gt;..A&#10;&#10;step=1, rand=2, actions=&lt;Step&gt;&#10;Want   | Got ✓ &#10;---------------&#10;.OO&gt;.A | .OO&gt;.A&#10;&#10;step=2, rand=2, actions=&lt;Step&gt;&#10;Want   | Got ✓ &#10;---------------&#10;..OO&gt;A | ..OO&gt;A&#10;&#10;step=3, rand=2, actions=&lt;Step&gt;&#10;Want   | Got ✓ &#10;---------------&#10;..AOO&gt; | ..AOO&gt;&#10;&#10;step=4, rand=2, actions=&lt;Step&gt;&#10;Want   | Got ✓ &#10;---------------&#10;&gt;.AOOO | &gt;.AOOO&#10;&#10;step=5, rand=2, actions=&lt;Step&gt;&#10;Want   | Got ✓ &#10;---------------&#10;O&gt;AOOO | O&gt;AOOO&#10;&#10;step=6, rand=2, actions=&lt;Step&gt;&#10;Want   | Got ✗                                                                                                                                     &#10;---------------------------------------------------------------------------------------------------------------------------------------------------&#10;OO&gt;OOO | LogicFailed(java.lang.ArithmeticException: / by zero&#13;                                                                                     &#10;       | &#9;at generic.TestRandomGen.randomInt(TestRandomGen.scala:17)&#13;                                                                              &#10;       | &#9;at snake.logic.GameLogic.changeApplePoint(GameLogic.scala:128)&#13;                                                                          &#10;       | &#9;at snake.logic.GameLogic.step(GameLogic.scala:89)&#13;                                                                                       &#10;       | &#9;at snake.SnakeLogicWrapper.performAction(SnakeTestSuiteBase.scala:51)&#13;                                                                   &#10;       | &#9;at snake.SnakeLogicWrapper.performAction(SnakeTestSuiteBase.scala:46)&#13;                                                                   &#10;       | &#9;at generic.GameTestSuite.$anonfun$performActionsAndGetDisplay$1(GameTestSuite.scala:150)&#13;                                                &#10;       | &#9;at generic.GameTestSuite.$anonfun$performActionsAndGetDisplay$1$adapted(GameTestSuite.scala:150)&#13;                                        &#10;       | &#9;at scala.collection.immutable.List.foreach(List.scala:334)&#13;                                                                              &#10;       | &#9;at generic.GameTestSuite.performActionsAndGetDisplay(GameTestSuite.scala:150)&#13;                                                           &#10;       | &#9;at generic.GameTestSuite$TestRecording.$anonfun$implementationDisplays$2(GameTestSuite.scala:197)&#13;                                       &#10;       | &#9;at generic.GameTestSuite$TestRecording.catchLogicError$1(GameTestSuite.scala:182)&#13;                                                       &#10;       | &#9;at generic.GameTestSuite$TestRecording.liftedTree1$1(GameTestSuite.scala:197)&#13;                                                           &#10;       | &#9;at generic.GameTestSuite$TestRecording.implementationDisplays$lzycompute(GameTestSuite.scala:187)&#13;                                       &#10;       | &#9;at generic.GameTestSuite$TestRecording.implementationDisplays(GameTestSuite.scala:178)&#13;                                                  &#10;       | &#9;at generic.GameTestSuite$TestRecording.passes$lzycompute(GameTestSuite.scala:208)&#13;                                                       &#10;       | &#9;at generic.GameTestSuite$TestRecording.passes(GameTestSuite.scala:207)&#13;                                                                  &#10;       | &#9;at generic.GameTestSuite.checkGame(GameTestSuite.scala:290)&#13;                                                                             &#10;       | &#9;at snake.SnakeTestSuiteBase.checkGame(SnakeTestSuiteBase.scala:102)&#13;                                                                     &#10;       | &#9;at snake.basic.PlacementTests.$anonfun$new$4(PlacementTests.scala:64)&#13;                                                                   &#10;       | &#9;at scala.runtime.java8.JFunction0$mcV$sp.apply(JFunction0$mcV$sp.scala:18)&#13;                                                              &#10;       | &#9;at infrastructure.TestBase.$anonfun$test$1(TestBase.scala:36)&#13;                                                                           &#10;       | &#9;at org.scalatest.OutcomeOf.outcomeOf(OutcomeOf.scala:85)&#13;                                                                                &#10;       | &#9;at org.scalatest.OutcomeOf.outcomeOf$(OutcomeOf.scala:83)&#13;                                                                               &#10;       | &#9;at org.scalatest.OutcomeOf$.outcomeOf(OutcomeOf.scala:104)&#13;                                                                              &#10;       | &#9;at org.scalatest.Transformer.apply(Transformer.scala:22)&#13;                                                                                &#10;       | &#9;at org.scalatest.Transformer.apply(Transformer.scala:20)&#13;                                                                                &#10;       | &#9;at org.scalatest.FunSuiteLike$$anon$1.apply(FunSuiteLike.scala:186)&#13;                                                                     &#10;       | &#9;at org.scalatest.TestSuite.withFixture(TestSuite.scala:196)&#13;                                                                             &#10;       | &#9;at org.scalatest.TestSuite.withFixture$(TestSuite.scala:195)&#13;                                                                            &#10;       | &#9;at infrastructure.TestBase.org$scalatest$concurrent$TimeLimitedTests$$super$withFixture(TestBase.scala:9)&#13;                               &#10;       | &#9;at org.scalatest.concurrent.TimeLimitedTests.$anonfun$withFixture$3(TimeLimitedTests.scala:154)&#13;                                         &#10;       | &#9;at org.scalatest.enablers.Timed$$anon$1.timeoutAfter(Timed.scala:127)&#13;                                                                   &#10;       | &#9;at org.scalatest.concurrent.TimeLimits.failAfterImpl(TimeLimits.scala:239)&#13;                                                              &#10;       | &#9;at org.scalatest.concurrent.TimeLimits.failAfterImpl$(TimeLimits.scala:233)&#13;                                                             &#10;       | &#9;at org.scalatest.concurrent.TimeLimits$.failAfterImpl(TimeLimits.scala:305)&#13;                                                             &#10;       | &#9;at org.scalatest.concurrent.TimeLimitedTests.withFixture(TimeLimitedTests.scala:153)&#13;                                                    &#10;       | &#9;at org.scalatest.concurrent.TimeLimitedTests.withFixture$(TimeLimitedTests.scala:150)&#13;                                                   &#10;       | &#9;at infrastructure.TestBase.withFixture(TestBase.scala:9)&#13;                                                                                &#10;       | &#9;at org.scalatest.FunSuiteLike.invokeWithFixture$1(FunSuiteLike.scala:184)&#13;                                                               &#10;       | &#9;at org.scalatest.FunSuiteLike.$anonfun$runTest$1(FunSuiteLike.scala:196)&#13;                                                                &#10;       | &#9;at org.scalatest.SuperEngine.runTestImpl(Engine.scala:286)&#13;                                                                              &#10;       | &#9;at org.scalatest.FunSuiteLike.runTest(FunSuiteLike.scala:196)&#13;                                                                           &#10;       | &#9;at org.scalatest.FunSuiteLike.runTest$(FunSuiteLike.scala:178)&#13;                                                                          &#10;       | &#9;at org.scalatest.FunSuite.runTest(FunSuite.scala:1560)&#13;                                                                                  &#10;       | &#9;at org.scalatest.FunSuiteLike.$anonfun$runTests$1(FunSuiteLike.scala:229)&#13;                                                               &#10;       | &#9;at org.scalatest.SuperEngine.$anonfun$runTestsInBranch$1(Engine.scala:393)&#13;                                                              &#10;       | &#9;at scala.collection.immutable.List.foreach(List.scala:334)&#13;                                                                              &#10;       | &#9;at org.scalatest.SuperEngine.traverseSubNodes$1(Engine.scala:381)&#13;                                                                       &#10;       | &#9;at org.scalatest.SuperEngine.runTestsInBranch(Engine.scala:376)&#13;                                                                         &#10;       | &#9;at org.scalatest.SuperEngine.runTestsImpl(Engine.scala:458)&#13;                                                                             &#10;       | &#9;at org.scalatest.FunSuiteLike.runTests(FunSuiteLike.scala:229)&#13;                                                                          &#10;       | &#9;at org.scalatest.FunSuiteLike.runTests$(FunSuiteLike.scala:228)&#13;                                                                         &#10;       | &#9;at org.scalatest.FunSuite.runTests(FunSuite.scala:1560)&#13;                                                                                 &#10;       | &#9;at org.scalatest.Suite.run(Suite.scala:1124)&#13;                                                                                            &#10;       | &#9;at org.scalatest.Suite.run$(Suite.scala:1106)&#13;                                                                                           &#10;       | &#9;at org.scalatest.FunSuite.org$scalatest$FunSuiteLike$$super$run(FunSuite.scala:1560)&#13;                                                    &#10;       | &#9;at org.scalatest.FunSuiteLike.$anonfun$run$1(FunSuiteLike.scala:233)&#13;                                                                    &#10;       | &#9;at org.scalatest.SuperEngine.runImpl(Engine.scala:518)&#13;                                                                                  &#10;       | &#9;at org.scalatest.FunSuiteLike.run(FunSuiteLike.scala:233)&#13;                                                                               &#10;       | &#9;at org.scalatest.FunSuiteLike.run$(FunSuiteLike.scala:232)&#13;                                                                              &#10;       | &#9;at infrastructure.TestBase.run(TestBase.scala:26)&#13;                                                                                       &#10;       | &#9;at org.scalatest.Suite.callExecuteOnSuite$1(Suite.scala:1187)&#13;                                                                           &#10;       | &#9;at org.scalatest.Suite.$anonfun$runNestedSuites$1(Suite.scala:1234)&#13;                                                                     &#10;       | &#9;at scala.collection.ArrayOps$.foreach$extension(ArrayOps.scala:1323)&#13;                                                                    &#10;       | &#9;at org.scalatest.Suite.runNestedSuites(Suite.scala:1232)&#13;                                                                                &#10;       | &#9;at org.scalatest.Suite.runNestedSuites$(Suite.scala:1166)&#13;                                                                               &#10;       | &#9;at org.scalatest.Suites.runNestedSuites(Suites.scala:56)&#13;                                                                                &#10;       | &#9;at org.scalatest.Suite.run(Suite.scala:1121)&#13;                                                                                            &#10;       | &#9;at org.scalatest.Suite.run$(Suite.scala:1106)&#13;                                                                                           &#10;       | &#9;at snake.SnakeTestSuite.runDirect(SnakeTestSuite.scala:24)&#13;                                                                              &#10;       | &#9;at snake.SnakeTestSuite.run(SnakeTestSuite.scala:16)&#13;                                                                                    &#10;       | &#9;at org.scalatestplus.junit.JUnitRunner.run(JUnitRunner.scala:99)&#13;                                                                        &#10;       | &#9;at org.gradle.api.internal.tasks.testing.junit.JUnitTestClassExecutor.runTestClass(JUnitTestClassExecutor.java:112)&#13;                     &#10;       | &#9;at org.gradle.api.internal.tasks.testing.junit.JUnitTestClassExecutor.execute(JUnitTestClassExecutor.java:58)&#13;                           &#10;       | &#9;at org.gradle.api.internal.tasks.testing.junit.JUnitTestClassExecutor.execute(JUnitTestClassExecutor.java:40)&#13;                           &#10;       | &#9;at org.gradle.api.internal.tasks.testing.junit.AbstractJUnitTestClassProcessor.processTestClass(AbstractJUnitTestClassProcessor.java:54)&#13;&#10;       | &#9;at org.gradle.api.internal.tasks.testing.SuiteTestClassProcessor.processTestClass(SuiteTestClassProcessor.java:53)&#13;                      &#10;       | &#9;at java.base/jdk.internal.reflect.DirectMethodHandleAccessor.invoke(DirectMethodHandleAccessor.java:104)&#13;                                &#10;       | &#9;at java.base/java.lang.reflect.Method.invoke(Method.java:578)&#13;                                                                           &#10;       | &#9;at org.gradle.internal.dispatch.ReflectionDispatch.dispatch(ReflectionDispatch.java:36)&#13;                                                 &#10;       | &#9;at org.gradle.internal.dispatch.ReflectionDispatch.dispatch(ReflectionDispatch.java:24)&#13;                                                 &#10;       | &#9;at org.gradle.internal.dispatch.ContextClassLoaderDispatch.dispatch(ContextClassLoaderDispatch.java:33)&#13;                                 &#10;       | &#9;at org.gradle.internal.dispatch.ProxyDispatchAdapter$DispatchingInvocationHandler.invoke(ProxyDispatchAdapter.java:92)&#13;                  &#10;       | &#9;at jdk.proxy1/jdk.proxy1.$Proxy4.processTestClass(Unknown Source)&#13;                                                                       &#10;       | &#9;at org.gradle.api.internal.tasks.testing.worker.TestWorker$2.run(TestWorker.java:183)&#13;                                                   &#10;       | &#9;at org.gradle.api.internal.tasks.testing.worker.TestWorker.executeAndMaintainThreadName(TestWorker.java:132)&#13;                            &#10;       | &#9;at org.gradle.api.internal.tasks.testing.worker.TestWorker.execute(TestWorker.java:103)&#13;                                                 &#10;       | &#9;at org.gradle.api.internal.tasks.testing.worker.TestWorker.execute(TestWorker.java:63)&#13;                                                  &#10;       | &#9;at org.gradle.process.internal.worker.child.ActionExecutionWorker.execute(ActionExecutionWorker.java:56)&#13;                                &#10;       | &#9;at org.gradle.process.internal.worker.child.SystemApplicationClassLoaderWorker.call(SystemApplicationClassLoaderWorker.java:121)&#13;        &#10;       | &#9;at org.gradle.process.internal.worker.child.SystemApplicationClassLoaderWorker.call(SystemApplicationClassLoaderWorker.java:71)&#13;         &#10;       | &#9;at worker.org.gradle.process.internal.worker.GradleWorkerMain.run(GradleWorkerMain.java:69)&#13;                                             &#10;       | &#9;at worker.org.gradle.process.internal.worker.GradleWorkerMain.main(GradleWorkerMain.java:74)&#13;                                            &#10;       | )                                                                                                                                         &#10;&#10;" type="org.scalatest.exceptions.TestFailedException">org.scalatest.exceptions.TestFailedException: didPass was false
Hint: No apple should be placed if the entire playing field is filled with the snake body.
--------------------------------------------------------------------------------
This is what went wrong:

step=0, rand=2, actions=&lt;&gt;
Want   | Got ✓ 
---------------
OO&gt;..A | OO&gt;..A

step=1, rand=2, actions=&lt;Step&gt;
Want   | Got ✓ 
---------------
.OO&gt;.A | .OO&gt;.A

step=2, rand=2, actions=&lt;Step&gt;
Want   | Got ✓ 
---------------
..OO&gt;A | ..OO&gt;A

step=3, rand=2, actions=&lt;Step&gt;
Want   | Got ✓ 
---------------
..AOO&gt; | ..AOO&gt;

step=4, rand=2, actions=&lt;Step&gt;
Want   | Got ✓ 
---------------
&gt;.AOOO | &gt;.AOOO

step=5, rand=2, actions=&lt;Step&gt;
Want   | Got ✓ 
---------------
O&gt;AOOO | O&gt;AOOO

step=6, rand=2, actions=&lt;Step&gt;
Want   | Got ✗                                                                                                                                     
---------------------------------------------------------------------------------------------------------------------------------------------------
OO&gt;OOO | LogicFailed(java.lang.ArithmeticException: / by zero                                                                                     
       | 	at generic.TestRandomGen.randomInt(TestRandomGen.scala:17)                                                                              
       | 	at snake.logic.GameLogic.changeApplePoint(GameLogic.scala:128)                                                                          
       | 	at snake.logic.GameLogic.step(GameLogic.scala:89)                                                                                       
       | 	at snake.SnakeLogicWrapper.performAction(SnakeTestSuiteBase.scala:51)                                                                   
       | 	at snake.SnakeLogicWrapper.performAction(SnakeTestSuiteBase.scala:46)                                                                   
       | 	at generic.GameTestSuite.$anonfun$performActionsAndGetDisplay$1(GameTestSuite.scala:150)                                                
       | 	at generic.GameTestSuite.$anonfun$performActionsAndGetDisplay$1$adapted(GameTestSuite.scala:150)                                        
       | 	at scala.collection.immutable.List.foreach(List.scala:334)                                                                              
       | 	at generic.GameTestSuite.performActionsAndGetDisplay(GameTestSuite.scala:150)                                                           
       | 	at generic.GameTestSuite$TestRecording.$anonfun$implementationDisplays$2(GameTestSuite.scala:197)                                       
       | 	at generic.GameTestSuite$TestRecording.catchLogicError$1(GameTestSuite.scala:182)                                                       
       | 	at generic.GameTestSuite$TestRecording.liftedTree1$1(GameTestSuite.scala:197)                                                           
       | 	at generic.GameTestSuite$TestRecording.implementationDisplays$lzycompute(GameTestSuite.scala:187)                                       
       | 	at generic.GameTestSuite$TestRecording.implementationDisplays(GameTestSuite.scala:178)                                                  
       | 	at generic.GameTestSuite$TestRecording.passes$lzycompute(GameTestSuite.scala:208)                                                       
       | 	at generic.GameTestSuite$TestRecording.passes(GameTestSuite.scala:207)                                                                  
       | 	at generic.GameTestSuite.checkGame(GameTestSuite.scala:290)                                                                             
       | 	at snake.SnakeTestSuiteBase.checkGame(SnakeTestSuiteBase.scala:102)                                                                     
       | 	at snake.basic.PlacementTests.$anonfun$new$4(PlacementTests.scala:64)                                                                   
       | 	at scala.runtime.java8.JFunction0$mcV$sp.apply(JFunction0$mcV$sp.scala:18)                                                              
       | 	at infrastructure.TestBase.$anonfun$test$1(TestBase.scala:36)                                                                           
       | 	at org.scalatest.OutcomeOf.outcomeOf(OutcomeOf.scala:85)                                                                                
       | 	at org.scalatest.OutcomeOf.outcomeOf$(OutcomeOf.scala:83)                                                                               
       | 	at org.scalatest.OutcomeOf$.outcomeOf(OutcomeOf.scala:104)                                                                              
       | 	at org.scalatest.Transformer.apply(Transformer.scala:22)                                                                                
       | 	at org.scalatest.Transformer.apply(Transformer.scala:20)                                                                                
       | 	at org.scalatest.FunSuiteLike$$anon$1.apply(FunSuiteLike.scala:186)                                                                     
       | 	at org.scalatest.TestSuite.withFixture(TestSuite.scala:196)                                                                             
       | 	at org.scalatest.TestSuite.withFixture$(TestSuite.scala:195)                                                                            
       | 	at infrastructure.TestBase.org$scalatest$concurrent$TimeLimitedTests$$super$withFixture(TestBase.scala:9)                               
       | 	at org.scalatest.concurrent.TimeLimitedTests.$anonfun$withFixture$3(TimeLimitedTests.scala:154)                                         
       | 	at org.scalatest.enablers.Timed$$anon$1.timeoutAfter(Timed.scala:127)                                                                   
       | 	at org.scalatest.concurrent.TimeLimits.failAfterImpl(TimeLimits.scala:239)                                                              
       | 	at org.scalatest.concurrent.TimeLimits.failAfterImpl$(TimeLimits.scala:233)                                                             
       | 	at org.scalatest.concurrent.TimeLimits$.failAfterImpl(TimeLimits.scala:305)                                                             
       | 	at org.scalatest.concurrent.TimeLimitedTests.withFixture(TimeLimitedTests.scala:153)                                                    
       | 	at org.scalatest.concurrent.TimeLimitedTests.withFixture$(TimeLimitedTests.scala:150)                                                   
       | 	at infrastructure.TestBase.withFixture(TestBase.scala:9)                                                                                
       | 	at org.scalatest.FunSuiteLike.invokeWithFixture$1(FunSuiteLike.scala:184)                                                               
       | 	at org.scalatest.FunSuiteLike.$anonfun$runTest$1(FunSuiteLike.scala:196)                                                                
       | 	at org.scalatest.SuperEngine.runTestImpl(Engine.scala:286)                                                                              
       | 	at org.scalatest.FunSuiteLike.runTest(FunSuiteLike.scala:196)                                                                           
       | 	at org.scalatest.FunSuiteLike.runTest$(FunSuiteLike.scala:178)                                                                          
       | 	at org.scalatest.FunSuite.runTest(FunSuite.scala:1560)                                                                                  
       | 	at org.scalatest.FunSuiteLike.$anonfun$runTests$1(FunSuiteLike.scala:229)                                                               
       | 	at org.scalatest.SuperEngine.$anonfun$runTestsInBranch$1(Engine.scala:393)                                                              
       | 	at scala.collection.immutable.List.foreach(List.scala:334)                                                                              
       | 	at org.scalatest.SuperEngine.traverseSubNodes$1(Engine.scala:381)                                                                       
       | 	at org.scalatest.SuperEngine.runTestsInBranch(Engine.scala:376)                                                                         
       | 	at org.scalatest.SuperEngine.runTestsImpl(Engine.scala:458)                                                                             
       | 	at org.scalatest.FunSuiteLike.runTests(FunSuiteLike.scala:229)                                                                          
       | 	at org.scalatest.FunSuiteLike.runTests$(FunSuiteLike.scala:228)                                                                         
       | 	at org.scalatest.FunSuite.runTests(FunSuite.scala:1560)                                                                                 
       | 	at org.scalatest.Suite.run(Suite.scala:1124)                                                                                            
       | 	at org.scalatest.Suite.run$(Suite.scala:1106)                                                                                           
       | 	at org.scalatest.FunSuite.org$scalatest$FunSuiteLike$$super$run(FunSuite.scala:1560)                                                    
       | 	at org.scalatest.FunSuiteLike.$anonfun$run$1(FunSuiteLike.scala:233)                                                                    
       | 	at org.scalatest.SuperEngine.runImpl(Engine.scala:518)                                                                                  
       | 	at org.scalatest.FunSuiteLike.run(FunSuiteLike.scala:233)                                                                               
       | 	at org.scalatest.FunSuiteLike.run$(FunSuiteLike.scala:232)                                                                              
       | 	at infrastructure.TestBase.run(TestBase.scala:26)                                                                                       
       | 	at org.scalatest.Suite.callExecuteOnSuite$1(Suite.scala:1187)                                                                           
       | 	at org.scalatest.Suite.$anonfun$runNestedSuites$1(Suite.scala:1234)                                                                     
       | 	at scala.collection.ArrayOps$.foreach$extension(ArrayOps.scala:1323)                                                                    
       | 	at org.scalatest.Suite.runNestedSuites(Suite.scala:1232)                                                                                
       | 	at org.scalatest.Suite.runNestedSuites$(Suite.scala:1166)                                                                               
       | 	at org.scalatest.Suites.runNestedSuites(Suites.scala:56)                                                                                
       | 	at org.scalatest.Suite.run(Suite.scala:1121)                                                                                            
       | 	at org.scalatest.Suite.run$(Suite.scala:1106)                                                                                           
       | 	at snake.SnakeTestSuite.runDirect(SnakeTestSuite.scala:24)                                                                              
       | 	at snake.SnakeTestSuite.run(SnakeTestSuite.scala:16)                                                                                    
       | 	at org.scalatestplus.junit.JUnitRunner.run(JUnitRunner.scala:99)                                                                        
       | 	at org.gradle.api.internal.tasks.testing.junit.JUnitTestClassExecutor.runTestClass(JUnitTestClassExecutor.java:112)                     
       | 	at org.gradle.api.internal.tasks.testing.junit.JUnitTestClassExecutor.execute(JUnitTestClassExecutor.java:58)                           
       | 	at org.gradle.api.internal.tasks.testing.junit.JUnitTestClassExecutor.execute(JUnitTestClassExecutor.java:40)                           
       | 	at org.gradle.api.internal.tasks.testing.junit.AbstractJUnitTestClassProcessor.processTestClass(AbstractJUnitTestClassProcessor.java:54)
       | 	at org.gradle.api.internal.tasks.testing.SuiteTestClassProcessor.processTestClass(SuiteTestClassProcessor.java:53)                      
       | 	at java.base/jdk.internal.reflect.DirectMethodHandleAccessor.invoke(DirectMethodHandleAccessor.java:104)                                
       | 	at java.base/java.lang.reflect.Method.invoke(Method.java:578)                                                                           
       | 	at org.gradle.internal.dispatch.ReflectionDispatch.dispatch(ReflectionDispatch.java:36)                                                 
       | 	at org.gradle.internal.dispatch.ReflectionDispatch.dispatch(ReflectionDispatch.java:24)                                                 
       | 	at org.gradle.internal.dispatch.ContextClassLoaderDispatch.dispatch(ContextClassLoaderDispatch.java:33)                                 
       | 	at org.gradle.internal.dispatch.ProxyDispatchAdapter$DispatchingInvocationHandler.invoke(ProxyDispatchAdapter.java:92)                  
       | 	at jdk.proxy1/jdk.proxy1.$Proxy4.processTestClass(Unknown Source)                                                                       
       | 	at org.gradle.api.internal.tasks.testing.worker.TestWorker$2.run(TestWorker.java:183)                                                   
       | 	at org.gradle.api.internal.tasks.testing.worker.TestWorker.executeAndMaintainThreadName(TestWorker.java:132)                            
       | 	at org.gradle.api.internal.tasks.testing.worker.TestWorker.execute(TestWorker.java:103)                                                 
       | 	at org.gradle.api.internal.tasks.testing.worker.TestWorker.execute(TestWorker.java:63)                                                  
       | 	at org.gradle.process.internal.worker.child.ActionExecutionWorker.execute(ActionExecutionWorker.java:56)                                
       | 	at org.gradle.process.internal.worker.child.SystemApplicationClassLoaderWorker.call(SystemApplicationClassLoaderWorker.java:121)        
       | 	at org.gradle.process.internal.worker.child.SystemApplicationClassLoaderWorker.call(SystemApplicationClassLoaderWorker.java:71)         
       | 	at worker.org.gradle.process.internal.worker.GradleWorkerMain.run(GradleWorkerMain.java:69)                                             
       | 	at worker.org.gradle.process.internal.worker.GradleWorkerMain.main(GradleWorkerMain.java:74)                                            
       | )                                                                                                                                         


	at app//org.scalatest.Assertions.newAssertionFailedException(Assertions.scala:530)
	at app//org.scalatest.Assertions.newAssertionFailedException$(Assertions.scala:529)
	at app//org.scalatest.FunSuite.newAssertionFailedException(FunSuite.scala:1560)
	at app//org.scalatest.Assertions$AssertionsHelper.macroAssert(Assertions.scala:503)
	at app//generic.GameTestSuite.checkGame(GameTestSuite.scala:298)
	at app//snake.SnakeTestSuiteBase.checkGame(SnakeTestSuiteBase.scala:102)
	at app//snake.basic.PlacementTests.$anonfun$new$4(PlacementTests.scala:64)
	at app//scala.runtime.java8.JFunction0$mcV$sp.apply(JFunction0$mcV$sp.scala:18)
	at app//infrastructure.TestBase.$anonfun$test$1(TestBase.scala:36)
	at app//org.scalatest.OutcomeOf.outcomeOf(OutcomeOf.scala:85)
	at app//org.scalatest.OutcomeOf.outcomeOf$(OutcomeOf.scala:83)
	at app//org.scalatest.OutcomeOf$.outcomeOf(OutcomeOf.scala:104)
	at app//org.scalatest.Transformer.apply(Transformer.scala:22)
	at app//org.scalatest.Transformer.apply(Transformer.scala:20)
	at app//org.scalatest.FunSuiteLike$$anon$1.apply(FunSuiteLike.scala:186)
	at app//org.scalatest.TestSuite.withFixture(TestSuite.scala:196)
	at app//org.scalatest.TestSuite.withFixture$(TestSuite.scala:195)
	at app//infrastructure.TestBase.org$scalatest$concurrent$TimeLimitedTests$$super$withFixture(TestBase.scala:9)
	at app//org.scalatest.concurrent.TimeLimitedTests.$anonfun$withFixture$3(TimeLimitedTests.scala:154)
	at app//org.scalatest.enablers.Timed$$anon$1.timeoutAfter(Timed.scala:127)
	at app//org.scalatest.concurrent.TimeLimits.failAfterImpl(TimeLimits.scala:239)
	at app//org.scalatest.concurrent.TimeLimits.failAfterImpl$(TimeLimits.scala:233)
	at app//org.scalatest.concurrent.TimeLimits$.failAfterImpl(TimeLimits.scala:305)
	at app//org.scalatest.concurrent.TimeLimitedTests.withFixture(TimeLimitedTests.scala:153)
	at app//org.scalatest.concurrent.TimeLimitedTests.withFixture$(TimeLimitedTests.scala:150)
	at app//infrastructure.TestBase.withFixture(TestBase.scala:9)
	at app//org.scalatest.FunSuiteLike.invokeWithFixture$1(FunSuiteLike.scala:184)
	at app//org.scalatest.FunSuiteLike.$anonfun$runTest$1(FunSuiteLike.scala:196)
	at app//org.scalatest.SuperEngine.runTestImpl(Engine.scala:286)
	at app//org.scalatest.FunSuiteLike.runTest(FunSuiteLike.scala:196)
	at app//org.scalatest.FunSuiteLike.runTest$(FunSuiteLike.scala:178)
	at app//org.scalatest.FunSuite.runTest(FunSuite.scala:1560)
	at app//org.scalatest.FunSuiteLike.$anonfun$runTests$1(FunSuiteLike.scala:229)
	at app//org.scalatest.SuperEngine.$anonfun$runTestsInBranch$1(Engine.scala:393)
	at app//scala.collection.immutable.List.foreach(List.scala:334)
	at app//org.scalatest.SuperEngine.traverseSubNodes$1(Engine.scala:381)
	at app//org.scalatest.SuperEngine.runTestsInBranch(Engine.scala:376)
	at app//org.scalatest.SuperEngine.runTestsImpl(Engine.scala:458)
	at app//org.scalatest.FunSuiteLike.runTests(FunSuiteLike.scala:229)
	at app//org.scalatest.FunSuiteLike.runTests$(FunSuiteLike.scala:228)
	at app//org.scalatest.FunSuite.runTests(FunSuite.scala:1560)
	at app//org.scalatest.Suite.run(Suite.scala:1124)
	at app//org.scalatest.Suite.run$(Suite.scala:1106)
	at app//org.scalatest.FunSuite.org$scalatest$FunSuiteLike$$super$run(FunSuite.scala:1560)
	at app//org.scalatest.FunSuiteLike.$anonfun$run$1(FunSuiteLike.scala:233)
	at app//org.scalatest.SuperEngine.runImpl(Engine.scala:518)
	at app//org.scalatest.FunSuiteLike.run(FunSuiteLike.scala:233)
	at app//org.scalatest.FunSuiteLike.run$(FunSuiteLike.scala:232)
	at app//infrastructure.TestBase.run(TestBase.scala:26)
	at app//org.scalatest.Suite.callExecuteOnSuite$1(Suite.scala:1187)
	at app//org.scalatest.Suite.$anonfun$runNestedSuites$1(Suite.scala:1234)
	at app//scala.collection.ArrayOps$.foreach$extension(ArrayOps.scala:1323)
	at app//org.scalatest.Suite.runNestedSuites(Suite.scala:1232)
	at app//org.scalatest.Suite.runNestedSuites$(Suite.scala:1166)
	at app//org.scalatest.Suites.runNestedSuites(Suites.scala:56)
	at app//org.scalatest.Suite.run(Suite.scala:1121)
	at app//org.scalatest.Suite.run$(Suite.scala:1106)
	at app//snake.SnakeTestSuite.runDirect(SnakeTestSuite.scala:24)
	at app//snake.SnakeTestSuite.run(SnakeTestSuite.scala:16)
	at app//org.scalatestplus.junit.JUnitRunner.run(JUnitRunner.scala:99)
	at org.gradle.api.internal.tasks.testing.junit.JUnitTestClassExecutor.runTestClass(JUnitTestClassExecutor.java:112)
	at org.gradle.api.internal.tasks.testing.junit.JUnitTestClassExecutor.execute(JUnitTestClassExecutor.java:58)
	at org.gradle.api.internal.tasks.testing.junit.JUnitTestClassExecutor.execute(JUnitTestClassExecutor.java:40)
	at org.gradle.api.internal.tasks.testing.junit.AbstractJUnitTestClassProcessor.processTestClass(AbstractJUnitTestClassProcessor.java:54)
	at org.gradle.api.internal.tasks.testing.SuiteTestClassProcessor.processTestClass(SuiteTestClassProcessor.java:53)
	at java.base@20.0.2/jdk.internal.reflect.DirectMethodHandleAccessor.invoke(DirectMethodHandleAccessor.java:104)
	at java.base@20.0.2/java.lang.reflect.Method.invoke(Method.java:578)
	at org.gradle.internal.dispatch.ReflectionDispatch.dispatch(ReflectionDispatch.java:36)
	at org.gradle.internal.dispatch.ReflectionDispatch.dispatch(ReflectionDispatch.java:24)
	at org.gradle.internal.dispatch.ContextClassLoaderDispatch.dispatch(ContextClassLoaderDispatch.java:33)
	at org.gradle.internal.dispatch.ProxyDispatchAdapter$DispatchingInvocationHandler.invoke(ProxyDispatchAdapter.java:92)
	at jdk.proxy1/jdk.proxy1.$Proxy4.processTestClass(Unknown Source)
	at org.gradle.api.internal.tasks.testing.worker.TestWorker$2.run(TestWorker.java:183)
	at org.gradle.api.internal.tasks.testing.worker.TestWorker.executeAndMaintainThreadName(TestWorker.java:132)
	at org.gradle.api.internal.tasks.testing.worker.TestWorker.execute(TestWorker.java:103)
	at org.gradle.api.internal.tasks.testing.worker.TestWorker.execute(TestWorker.java:63)
	at org.gradle.process.internal.worker.child.ActionExecutionWorker.execute(ActionExecutionWorker.java:56)
	at org.gradle.process.internal.worker.child.SystemApplicationClassLoaderWorker.call(SystemApplicationClassLoaderWorker.java:121)
	at org.gradle.process.internal.worker.child.SystemApplicationClassLoaderWorker.call(SystemApplicationClassLoaderWorker.java:71)
	at app//worker.org.gradle.process.internal.worker.GradleWorkerMain.run(GradleWorkerMain.java:69)
	at app//worker.org.gradle.process.internal.worker.GradleWorkerMain.main(GradleWorkerMain.java:74)
</failure>
  </testcase>
  <system-out><![CDATA[]]></system-out>
  <system-err><![CDATA[]]></system-err>
</testsuite>
