<?xml version="1.0" encoding="UTF-8"?>
<testsuite name="snake.basic.FullGameTests" tests="7" skipped="0" failures="6" errors="0" timestamp="2024-09-17T20:29:01" hostname="LAPTOP-68J58FIR" time="0.123">
  <properties/>
  <testcase name="testGame3x1" classname="snake.basic.FullGameTests" time="0.007">
    <failure message="org.scalatest.exceptions.TestFailedException: didPass was false&#10;Hint: The game should work at any board size which can hold the initial snake. In this case 3x1.&#10;--------------------------------------------------------------------------------&#10;This is what went wrong:&#10;&#10;step=0, rand=0, actions=&lt;&gt;&#10;Want | Got ✗                                                                                                                                     &#10;-------------------------------------------------------------------------------------------------------------------------------------------------&#10;OO&gt;  | LogicFailed(java.lang.ArithmeticException: / by zero&#13;                                                                                     &#10;     | &#9;at generic.TestRandomGen.randomInt(TestRandomGen.scala:17)&#13;                                                                              &#10;     | &#9;at snake.logic.GameLogic.changeApplePoint(GameLogic.scala:128)&#13;                                                                          &#10;     | &#9;at snake.logic.GameLogic.&lt;init&gt;(GameLogic.scala:25)&#13;                                                                                     &#10;     | &#9;at snake.SnakeTestSuiteBase.makeGame(SnakeTestSuiteBase.scala:69)&#13;                                                                       &#10;     | &#9;at snake.SnakeTestSuiteBase.makeGame(SnakeTestSuiteBase.scala:64)&#13;                                                                       &#10;     | &#9;at generic.GameTestSuite$TestRecording.liftedTree1$1(GameTestSuite.scala:188)&#13;                                                           &#10;     | &#9;at generic.GameTestSuite$TestRecording.implementationDisplays$lzycompute(GameTestSuite.scala:187)&#13;                                       &#10;     | &#9;at generic.GameTestSuite$TestRecording.implementationDisplays(GameTestSuite.scala:178)&#13;                                                  &#10;     | &#9;at generic.GameTestSuite$TestRecording.passes$lzycompute(GameTestSuite.scala:208)&#13;                                                       &#10;     | &#9;at generic.GameTestSuite$TestRecording.passes(GameTestSuite.scala:207)&#13;                                                                  &#10;     | &#9;at generic.GameTestSuite.checkGame(GameTestSuite.scala:290)&#13;                                                                             &#10;     | &#9;at snake.SnakeTestSuiteBase.checkGame(SnakeTestSuiteBase.scala:102)&#13;                                                                     &#10;     | &#9;at snake.basic.FullGameTests.$anonfun$new$1(FullGameTests.scala:24)&#13;                                                                     &#10;     | &#9;at scala.runtime.java8.JFunction0$mcV$sp.apply(JFunction0$mcV$sp.scala:18)&#13;                                                              &#10;     | &#9;at infrastructure.TestBase.$anonfun$test$1(TestBase.scala:36)&#13;                                                                           &#10;     | &#9;at org.scalatest.OutcomeOf.outcomeOf(OutcomeOf.scala:85)&#13;                                                                                &#10;     | &#9;at org.scalatest.OutcomeOf.outcomeOf$(OutcomeOf.scala:83)&#13;                                                                               &#10;     | &#9;at org.scalatest.OutcomeOf$.outcomeOf(OutcomeOf.scala:104)&#13;                                                                              &#10;     | &#9;at org.scalatest.Transformer.apply(Transformer.scala:22)&#13;                                                                                &#10;     | &#9;at org.scalatest.Transformer.apply(Transformer.scala:20)&#13;                                                                                &#10;     | &#9;at org.scalatest.FunSuiteLike$$anon$1.apply(FunSuiteLike.scala:186)&#13;                                                                     &#10;     | &#9;at org.scalatest.TestSuite.withFixture(TestSuite.scala:196)&#13;                                                                             &#10;     | &#9;at org.scalatest.TestSuite.withFixture$(TestSuite.scala:195)&#13;                                                                            &#10;     | &#9;at infrastructure.TestBase.org$scalatest$concurrent$TimeLimitedTests$$super$withFixture(TestBase.scala:9)&#13;                               &#10;     | &#9;at org.scalatest.concurrent.TimeLimitedTests.$anonfun$withFixture$3(TimeLimitedTests.scala:154)&#13;                                         &#10;     | &#9;at org.scalatest.enablers.Timed$$anon$1.timeoutAfter(Timed.scala:127)&#13;                                                                   &#10;     | &#9;at org.scalatest.concurrent.TimeLimits.failAfterImpl(TimeLimits.scala:239)&#13;                                                              &#10;     | &#9;at org.scalatest.concurrent.TimeLimits.failAfterImpl$(TimeLimits.scala:233)&#13;                                                             &#10;     | &#9;at org.scalatest.concurrent.TimeLimits$.failAfterImpl(TimeLimits.scala:305)&#13;                                                             &#10;     | &#9;at org.scalatest.concurrent.TimeLimitedTests.withFixture(TimeLimitedTests.scala:153)&#13;                                                    &#10;     | &#9;at org.scalatest.concurrent.TimeLimitedTests.withFixture$(TimeLimitedTests.scala:150)&#13;                                                   &#10;     | &#9;at infrastructure.TestBase.withFixture(TestBase.scala:9)&#13;                                                                                &#10;     | &#9;at org.scalatest.FunSuiteLike.invokeWithFixture$1(FunSuiteLike.scala:184)&#13;                                                               &#10;     | &#9;at org.scalatest.FunSuiteLike.$anonfun$runTest$1(FunSuiteLike.scala:196)&#13;                                                                &#10;     | &#9;at org.scalatest.SuperEngine.runTestImpl(Engine.scala:286)&#13;                                                                              &#10;     | &#9;at org.scalatest.FunSuiteLike.runTest(FunSuiteLike.scala:196)&#13;                                                                           &#10;     | &#9;at org.scalatest.FunSuiteLike.runTest$(FunSuiteLike.scala:178)&#13;                                                                          &#10;     | &#9;at org.scalatest.FunSuite.runTest(FunSuite.scala:1560)&#13;                                                                                  &#10;     | &#9;at org.scalatest.FunSuiteLike.$anonfun$runTests$1(FunSuiteLike.scala:229)&#13;                                                               &#10;     | &#9;at org.scalatest.SuperEngine.$anonfun$runTestsInBranch$1(Engine.scala:393)&#13;                                                              &#10;     | &#9;at scala.collection.immutable.List.foreach(List.scala:334)&#13;                                                                              &#10;     | &#9;at org.scalatest.SuperEngine.traverseSubNodes$1(Engine.scala:381)&#13;                                                                       &#10;     | &#9;at org.scalatest.SuperEngine.runTestsInBranch(Engine.scala:376)&#13;                                                                         &#10;     | &#9;at org.scalatest.SuperEngine.runTestsImpl(Engine.scala:458)&#13;                                                                             &#10;     | &#9;at org.scalatest.FunSuiteLike.runTests(FunSuiteLike.scala:229)&#13;                                                                          &#10;     | &#9;at org.scalatest.FunSuiteLike.runTests$(FunSuiteLike.scala:228)&#13;                                                                         &#10;     | &#9;at org.scalatest.FunSuite.runTests(FunSuite.scala:1560)&#13;                                                                                 &#10;     | &#9;at org.scalatest.Suite.run(Suite.scala:1124)&#13;                                                                                            &#10;     | &#9;at org.scalatest.Suite.run$(Suite.scala:1106)&#13;                                                                                           &#10;     | &#9;at org.scalatest.FunSuite.org$scalatest$FunSuiteLike$$super$run(FunSuite.scala:1560)&#13;                                                    &#10;     | &#9;at org.scalatest.FunSuiteLike.$anonfun$run$1(FunSuiteLike.scala:233)&#13;                                                                    &#10;     | &#9;at org.scalatest.SuperEngine.runImpl(Engine.scala:518)&#13;                                                                                  &#10;     | &#9;at org.scalatest.FunSuiteLike.run(FunSuiteLike.scala:233)&#13;                                                                               &#10;     | &#9;at org.scalatest.FunSuiteLike.run$(FunSuiteLike.scala:232)&#13;                                                                              &#10;     | &#9;at infrastructure.TestBase.run(TestBase.scala:26)&#13;                                                                                       &#10;     | &#9;at org.scalatest.Suite.callExecuteOnSuite$1(Suite.scala:1187)&#13;                                                                           &#10;     | &#9;at org.scalatest.Suite.$anonfun$runNestedSuites$1(Suite.scala:1234)&#13;                                                                     &#10;     | &#9;at scala.collection.ArrayOps$.foreach$extension(ArrayOps.scala:1323)&#13;                                                                    &#10;     | &#9;at org.scalatest.Suite.runNestedSuites(Suite.scala:1232)&#13;                                                                                &#10;     | &#9;at org.scalatest.Suite.runNestedSuites$(Suite.scala:1166)&#13;                                                                               &#10;     | &#9;at org.scalatest.Suites.runNestedSuites(Suites.scala:56)&#13;                                                                                &#10;     | &#9;at org.scalatest.Suite.run(Suite.scala:1121)&#13;                                                                                            &#10;     | &#9;at org.scalatest.Suite.run$(Suite.scala:1106)&#13;                                                                                           &#10;     | &#9;at snake.SnakeTestSuite.runDirect(SnakeTestSuite.scala:24)&#13;                                                                              &#10;     | &#9;at snake.SnakeTestSuite.run(SnakeTestSuite.scala:16)&#13;                                                                                    &#10;     | &#9;at org.scalatestplus.junit.JUnitRunner.run(JUnitRunner.scala:99)&#13;                                                                        &#10;     | &#9;at org.gradle.api.internal.tasks.testing.junit.JUnitTestClassExecutor.runTestClass(JUnitTestClassExecutor.java:112)&#13;                     &#10;     | &#9;at org.gradle.api.internal.tasks.testing.junit.JUnitTestClassExecutor.execute(JUnitTestClassExecutor.java:58)&#13;                           &#10;     | &#9;at org.gradle.api.internal.tasks.testing.junit.JUnitTestClassExecutor.execute(JUnitTestClassExecutor.java:40)&#13;                           &#10;     | &#9;at org.gradle.api.internal.tasks.testing.junit.AbstractJUnitTestClassProcessor.processTestClass(AbstractJUnitTestClassProcessor.java:54)&#13;&#10;     | &#9;at org.gradle.api.internal.tasks.testing.SuiteTestClassProcessor.processTestClass(SuiteTestClassProcessor.java:53)&#13;                      &#10;     | &#9;at java.base/jdk.internal.reflect.DirectMethodHandleAccessor.invoke(DirectMethodHandleAccessor.java:104)&#13;                                &#10;     | &#9;at java.base/java.lang.reflect.Method.invoke(Method.java:578)&#13;                                                                           &#10;     | &#9;at org.gradle.internal.dispatch.ReflectionDispatch.dispatch(ReflectionDispatch.java:36)&#13;                                                 &#10;     | &#9;at org.gradle.internal.dispatch.ReflectionDispatch.dispatch(ReflectionDispatch.java:24)&#13;                                                 &#10;     | &#9;at org.gradle.internal.dispatch.ContextClassLoaderDispatch.dispatch(ContextClassLoaderDispatch.java:33)&#13;                                 &#10;     | &#9;at org.gradle.internal.dispatch.ProxyDispatchAdapter$DispatchingInvocationHandler.invoke(ProxyDispatchAdapter.java:92)&#13;                  &#10;     | &#9;at jdk.proxy1/jdk.proxy1.$Proxy4.processTestClass(Unknown Source)&#13;                                                                       &#10;     | &#9;at org.gradle.api.internal.tasks.testing.worker.TestWorker$2.run(TestWorker.java:183)&#13;                                                   &#10;     | &#9;at org.gradle.api.internal.tasks.testing.worker.TestWorker.executeAndMaintainThreadName(TestWorker.java:132)&#13;                            &#10;     | &#9;at org.gradle.api.internal.tasks.testing.worker.TestWorker.execute(TestWorker.java:103)&#13;                                                 &#10;     | &#9;at org.gradle.api.internal.tasks.testing.worker.TestWorker.execute(TestWorker.java:63)&#13;                                                  &#10;     | &#9;at org.gradle.process.internal.worker.child.ActionExecutionWorker.execute(ActionExecutionWorker.java:56)&#13;                                &#10;     | &#9;at org.gradle.process.internal.worker.child.SystemApplicationClassLoaderWorker.call(SystemApplicationClassLoaderWorker.java:121)&#13;        &#10;     | &#9;at org.gradle.process.internal.worker.child.SystemApplicationClassLoaderWorker.call(SystemApplicationClassLoaderWorker.java:71)&#13;         &#10;     | &#9;at worker.org.gradle.process.internal.worker.GradleWorkerMain.run(GradleWorkerMain.java:69)&#13;                                             &#10;     | &#9;at worker.org.gradle.process.internal.worker.GradleWorkerMain.main(GradleWorkerMain.java:74)&#13;                                            &#10;     | )                                                                                                                                         &#10;&#10;" type="org.scalatest.exceptions.TestFailedException">org.scalatest.exceptions.TestFailedException: didPass was false
Hint: The game should work at any board size which can hold the initial snake. In this case 3x1.
--------------------------------------------------------------------------------
This is what went wrong:

step=0, rand=0, actions=&lt;&gt;
Want | Got ✗                                                                                                                                     
-------------------------------------------------------------------------------------------------------------------------------------------------
OO&gt;  | LogicFailed(java.lang.ArithmeticException: / by zero                                                                                     
     | 	at generic.TestRandomGen.randomInt(TestRandomGen.scala:17)                                                                              
     | 	at snake.logic.GameLogic.changeApplePoint(GameLogic.scala:128)                                                                          
     | 	at snake.logic.GameLogic.&lt;init&gt;(GameLogic.scala:25)                                                                                     
     | 	at snake.SnakeTestSuiteBase.makeGame(SnakeTestSuiteBase.scala:69)                                                                       
     | 	at snake.SnakeTestSuiteBase.makeGame(SnakeTestSuiteBase.scala:64)                                                                       
     | 	at generic.GameTestSuite$TestRecording.liftedTree1$1(GameTestSuite.scala:188)                                                           
     | 	at generic.GameTestSuite$TestRecording.implementationDisplays$lzycompute(GameTestSuite.scala:187)                                       
     | 	at generic.GameTestSuite$TestRecording.implementationDisplays(GameTestSuite.scala:178)                                                  
     | 	at generic.GameTestSuite$TestRecording.passes$lzycompute(GameTestSuite.scala:208)                                                       
     | 	at generic.GameTestSuite$TestRecording.passes(GameTestSuite.scala:207)                                                                  
     | 	at generic.GameTestSuite.checkGame(GameTestSuite.scala:290)                                                                             
     | 	at snake.SnakeTestSuiteBase.checkGame(SnakeTestSuiteBase.scala:102)                                                                     
     | 	at snake.basic.FullGameTests.$anonfun$new$1(FullGameTests.scala:24)                                                                     
     | 	at scala.runtime.java8.JFunction0$mcV$sp.apply(JFunction0$mcV$sp.scala:18)                                                              
     | 	at infrastructure.TestBase.$anonfun$test$1(TestBase.scala:36)                                                                           
     | 	at org.scalatest.OutcomeOf.outcomeOf(OutcomeOf.scala:85)                                                                                
     | 	at org.scalatest.OutcomeOf.outcomeOf$(OutcomeOf.scala:83)                                                                               
     | 	at org.scalatest.OutcomeOf$.outcomeOf(OutcomeOf.scala:104)                                                                              
     | 	at org.scalatest.Transformer.apply(Transformer.scala:22)                                                                                
     | 	at org.scalatest.Transformer.apply(Transformer.scala:20)                                                                                
     | 	at org.scalatest.FunSuiteLike$$anon$1.apply(FunSuiteLike.scala:186)                                                                     
     | 	at org.scalatest.TestSuite.withFixture(TestSuite.scala:196)                                                                             
     | 	at org.scalatest.TestSuite.withFixture$(TestSuite.scala:195)                                                                            
     | 	at infrastructure.TestBase.org$scalatest$concurrent$TimeLimitedTests$$super$withFixture(TestBase.scala:9)                               
     | 	at org.scalatest.concurrent.TimeLimitedTests.$anonfun$withFixture$3(TimeLimitedTests.scala:154)                                         
     | 	at org.scalatest.enablers.Timed$$anon$1.timeoutAfter(Timed.scala:127)                                                                   
     | 	at org.scalatest.concurrent.TimeLimits.failAfterImpl(TimeLimits.scala:239)                                                              
     | 	at org.scalatest.concurrent.TimeLimits.failAfterImpl$(TimeLimits.scala:233)                                                             
     | 	at org.scalatest.concurrent.TimeLimits$.failAfterImpl(TimeLimits.scala:305)                                                             
     | 	at org.scalatest.concurrent.TimeLimitedTests.withFixture(TimeLimitedTests.scala:153)                                                    
     | 	at org.scalatest.concurrent.TimeLimitedTests.withFixture$(TimeLimitedTests.scala:150)                                                   
     | 	at infrastructure.TestBase.withFixture(TestBase.scala:9)                                                                                
     | 	at org.scalatest.FunSuiteLike.invokeWithFixture$1(FunSuiteLike.scala:184)                                                               
     | 	at org.scalatest.FunSuiteLike.$anonfun$runTest$1(FunSuiteLike.scala:196)                                                                
     | 	at org.scalatest.SuperEngine.runTestImpl(Engine.scala:286)                                                                              
     | 	at org.scalatest.FunSuiteLike.runTest(FunSuiteLike.scala:196)                                                                           
     | 	at org.scalatest.FunSuiteLike.runTest$(FunSuiteLike.scala:178)                                                                          
     | 	at org.scalatest.FunSuite.runTest(FunSuite.scala:1560)                                                                                  
     | 	at org.scalatest.FunSuiteLike.$anonfun$runTests$1(FunSuiteLike.scala:229)                                                               
     | 	at org.scalatest.SuperEngine.$anonfun$runTestsInBranch$1(Engine.scala:393)                                                              
     | 	at scala.collection.immutable.List.foreach(List.scala:334)                                                                              
     | 	at org.scalatest.SuperEngine.traverseSubNodes$1(Engine.scala:381)                                                                       
     | 	at org.scalatest.SuperEngine.runTestsInBranch(Engine.scala:376)                                                                         
     | 	at org.scalatest.SuperEngine.runTestsImpl(Engine.scala:458)                                                                             
     | 	at org.scalatest.FunSuiteLike.runTests(FunSuiteLike.scala:229)                                                                          
     | 	at org.scalatest.FunSuiteLike.runTests$(FunSuiteLike.scala:228)                                                                         
     | 	at org.scalatest.FunSuite.runTests(FunSuite.scala:1560)                                                                                 
     | 	at org.scalatest.Suite.run(Suite.scala:1124)                                                                                            
     | 	at org.scalatest.Suite.run$(Suite.scala:1106)                                                                                           
     | 	at org.scalatest.FunSuite.org$scalatest$FunSuiteLike$$super$run(FunSuite.scala:1560)                                                    
     | 	at org.scalatest.FunSuiteLike.$anonfun$run$1(FunSuiteLike.scala:233)                                                                    
     | 	at org.scalatest.SuperEngine.runImpl(Engine.scala:518)                                                                                  
     | 	at org.scalatest.FunSuiteLike.run(FunSuiteLike.scala:233)                                                                               
     | 	at org.scalatest.FunSuiteLike.run$(FunSuiteLike.scala:232)                                                                              
     | 	at infrastructure.TestBase.run(TestBase.scala:26)                                                                                       
     | 	at org.scalatest.Suite.callExecuteOnSuite$1(Suite.scala:1187)                                                                           
     | 	at org.scalatest.Suite.$anonfun$runNestedSuites$1(Suite.scala:1234)                                                                     
     | 	at scala.collection.ArrayOps$.foreach$extension(ArrayOps.scala:1323)                                                                    
     | 	at org.scalatest.Suite.runNestedSuites(Suite.scala:1232)                                                                                
     | 	at org.scalatest.Suite.runNestedSuites$(Suite.scala:1166)                                                                               
     | 	at org.scalatest.Suites.runNestedSuites(Suites.scala:56)                                                                                
     | 	at org.scalatest.Suite.run(Suite.scala:1121)                                                                                            
     | 	at org.scalatest.Suite.run$(Suite.scala:1106)                                                                                           
     | 	at snake.SnakeTestSuite.runDirect(SnakeTestSuite.scala:24)                                                                              
     | 	at snake.SnakeTestSuite.run(SnakeTestSuite.scala:16)                                                                                    
     | 	at org.scalatestplus.junit.JUnitRunner.run(JUnitRunner.scala:99)                                                                        
     | 	at org.gradle.api.internal.tasks.testing.junit.JUnitTestClassExecutor.runTestClass(JUnitTestClassExecutor.java:112)                     
     | 	at org.gradle.api.internal.tasks.testing.junit.JUnitTestClassExecutor.execute(JUnitTestClassExecutor.java:58)                           
     | 	at org.gradle.api.internal.tasks.testing.junit.JUnitTestClassExecutor.execute(JUnitTestClassExecutor.java:40)                           
     | 	at org.gradle.api.internal.tasks.testing.junit.AbstractJUnitTestClassProcessor.processTestClass(AbstractJUnitTestClassProcessor.java:54)
     | 	at org.gradle.api.internal.tasks.testing.SuiteTestClassProcessor.processTestClass(SuiteTestClassProcessor.java:53)                      
     | 	at java.base/jdk.internal.reflect.DirectMethodHandleAccessor.invoke(DirectMethodHandleAccessor.java:104)                                
     | 	at java.base/java.lang.reflect.Method.invoke(Method.java:578)                                                                           
     | 	at org.gradle.internal.dispatch.ReflectionDispatch.dispatch(ReflectionDispatch.java:36)                                                 
     | 	at org.gradle.internal.dispatch.ReflectionDispatch.dispatch(ReflectionDispatch.java:24)                                                 
     | 	at org.gradle.internal.dispatch.ContextClassLoaderDispatch.dispatch(ContextClassLoaderDispatch.java:33)                                 
     | 	at org.gradle.internal.dispatch.ProxyDispatchAdapter$DispatchingInvocationHandler.invoke(ProxyDispatchAdapter.java:92)                  
     | 	at jdk.proxy1/jdk.proxy1.$Proxy4.processTestClass(Unknown Source)                                                                       
     | 	at org.gradle.api.internal.tasks.testing.worker.TestWorker$2.run(TestWorker.java:183)                                                   
     | 	at org.gradle.api.internal.tasks.testing.worker.TestWorker.executeAndMaintainThreadName(TestWorker.java:132)                            
     | 	at org.gradle.api.internal.tasks.testing.worker.TestWorker.execute(TestWorker.java:103)                                                 
     | 	at org.gradle.api.internal.tasks.testing.worker.TestWorker.execute(TestWorker.java:63)                                                  
     | 	at org.gradle.process.internal.worker.child.ActionExecutionWorker.execute(ActionExecutionWorker.java:56)                                
     | 	at org.gradle.process.internal.worker.child.SystemApplicationClassLoaderWorker.call(SystemApplicationClassLoaderWorker.java:121)        
     | 	at org.gradle.process.internal.worker.child.SystemApplicationClassLoaderWorker.call(SystemApplicationClassLoaderWorker.java:71)         
     | 	at worker.org.gradle.process.internal.worker.GradleWorkerMain.run(GradleWorkerMain.java:69)                                             
     | 	at worker.org.gradle.process.internal.worker.GradleWorkerMain.main(GradleWorkerMain.java:74)                                            
     | )                                                                                                                                         


	at app//org.scalatest.Assertions.newAssertionFailedException(Assertions.scala:530)
	at app//org.scalatest.Assertions.newAssertionFailedException$(Assertions.scala:529)
	at app//org.scalatest.FunSuite.newAssertionFailedException(FunSuite.scala:1560)
	at app//org.scalatest.Assertions$AssertionsHelper.macroAssert(Assertions.scala:503)
	at app//generic.GameTestSuite.checkGame(GameTestSuite.scala:298)
	at app//snake.SnakeTestSuiteBase.checkGame(SnakeTestSuiteBase.scala:102)
	at app//snake.basic.FullGameTests.$anonfun$new$1(FullGameTests.scala:24)
	at app//scala.runtime.java8.JFunction0$mcV$sp.apply(JFunction0$mcV$sp.scala:18)
	at app//infrastructure.TestBase.$anonfun$test$1(TestBase.scala:36)
	at app//org.scalatest.OutcomeOf.outcomeOf(OutcomeOf.scala:85)
	at app//org.scalatest.OutcomeOf.outcomeOf$(OutcomeOf.scala:83)
	at app//org.scalatest.OutcomeOf$.outcomeOf(OutcomeOf.scala:104)
	at app//org.scalatest.Transformer.apply(Transformer.scala:22)
	at app//org.scalatest.Transformer.apply(Transformer.scala:20)
	at app//org.scalatest.FunSuiteLike$$anon$1.apply(FunSuiteLike.scala:186)
	at app//org.scalatest.TestSuite.withFixture(TestSuite.scala:196)
	at app//org.scalatest.TestSuite.withFixture$(TestSuite.scala:195)
	at app//infrastructure.TestBase.org$scalatest$concurrent$TimeLimitedTests$$super$withFixture(TestBase.scala:9)
	at app//org.scalatest.concurrent.TimeLimitedTests.$anonfun$withFixture$3(TimeLimitedTests.scala:154)
	at app//org.scalatest.enablers.Timed$$anon$1.timeoutAfter(Timed.scala:127)
	at app//org.scalatest.concurrent.TimeLimits.failAfterImpl(TimeLimits.scala:239)
	at app//org.scalatest.concurrent.TimeLimits.failAfterImpl$(TimeLimits.scala:233)
	at app//org.scalatest.concurrent.TimeLimits$.failAfterImpl(TimeLimits.scala:305)
	at app//org.scalatest.concurrent.TimeLimitedTests.withFixture(TimeLimitedTests.scala:153)
	at app//org.scalatest.concurrent.TimeLimitedTests.withFixture$(TimeLimitedTests.scala:150)
	at app//infrastructure.TestBase.withFixture(TestBase.scala:9)
	at app//org.scalatest.FunSuiteLike.invokeWithFixture$1(FunSuiteLike.scala:184)
	at app//org.scalatest.FunSuiteLike.$anonfun$runTest$1(FunSuiteLike.scala:196)
	at app//org.scalatest.SuperEngine.runTestImpl(Engine.scala:286)
	at app//org.scalatest.FunSuiteLike.runTest(FunSuiteLike.scala:196)
	at app//org.scalatest.FunSuiteLike.runTest$(FunSuiteLike.scala:178)
	at app//org.scalatest.FunSuite.runTest(FunSuite.scala:1560)
	at app//org.scalatest.FunSuiteLike.$anonfun$runTests$1(FunSuiteLike.scala:229)
	at app//org.scalatest.SuperEngine.$anonfun$runTestsInBranch$1(Engine.scala:393)
	at app//scala.collection.immutable.List.foreach(List.scala:334)
	at app//org.scalatest.SuperEngine.traverseSubNodes$1(Engine.scala:381)
	at app//org.scalatest.SuperEngine.runTestsInBranch(Engine.scala:376)
	at app//org.scalatest.SuperEngine.runTestsImpl(Engine.scala:458)
	at app//org.scalatest.FunSuiteLike.runTests(FunSuiteLike.scala:229)
	at app//org.scalatest.FunSuiteLike.runTests$(FunSuiteLike.scala:228)
	at app//org.scalatest.FunSuite.runTests(FunSuite.scala:1560)
	at app//org.scalatest.Suite.run(Suite.scala:1124)
	at app//org.scalatest.Suite.run$(Suite.scala:1106)
	at app//org.scalatest.FunSuite.org$scalatest$FunSuiteLike$$super$run(FunSuite.scala:1560)
	at app//org.scalatest.FunSuiteLike.$anonfun$run$1(FunSuiteLike.scala:233)
	at app//org.scalatest.SuperEngine.runImpl(Engine.scala:518)
	at app//org.scalatest.FunSuiteLike.run(FunSuiteLike.scala:233)
	at app//org.scalatest.FunSuiteLike.run$(FunSuiteLike.scala:232)
	at app//infrastructure.TestBase.run(TestBase.scala:26)
	at app//org.scalatest.Suite.callExecuteOnSuite$1(Suite.scala:1187)
	at app//org.scalatest.Suite.$anonfun$runNestedSuites$1(Suite.scala:1234)
	at app//scala.collection.ArrayOps$.foreach$extension(ArrayOps.scala:1323)
	at app//org.scalatest.Suite.runNestedSuites(Suite.scala:1232)
	at app//org.scalatest.Suite.runNestedSuites$(Suite.scala:1166)
	at app//org.scalatest.Suites.runNestedSuites(Suites.scala:56)
	at app//org.scalatest.Suite.run(Suite.scala:1121)
	at app//org.scalatest.Suite.run$(Suite.scala:1106)
	at app//snake.SnakeTestSuite.runDirect(SnakeTestSuite.scala:24)
	at app//snake.SnakeTestSuite.run(SnakeTestSuite.scala:16)
	at app//org.scalatestplus.junit.JUnitRunner.run(JUnitRunner.scala:99)
	at org.gradle.api.internal.tasks.testing.junit.JUnitTestClassExecutor.runTestClass(JUnitTestClassExecutor.java:112)
	at org.gradle.api.internal.tasks.testing.junit.JUnitTestClassExecutor.execute(JUnitTestClassExecutor.java:58)
	at org.gradle.api.internal.tasks.testing.junit.JUnitTestClassExecutor.execute(JUnitTestClassExecutor.java:40)
	at org.gradle.api.internal.tasks.testing.junit.AbstractJUnitTestClassProcessor.processTestClass(AbstractJUnitTestClassProcessor.java:54)
	at org.gradle.api.internal.tasks.testing.SuiteTestClassProcessor.processTestClass(SuiteTestClassProcessor.java:53)
	at java.base@20.0.2/jdk.internal.reflect.DirectMethodHandleAccessor.invoke(DirectMethodHandleAccessor.java:104)
	at java.base@20.0.2/java.lang.reflect.Method.invoke(Method.java:578)
	at org.gradle.internal.dispatch.ReflectionDispatch.dispatch(ReflectionDispatch.java:36)
	at org.gradle.internal.dispatch.ReflectionDispatch.dispatch(ReflectionDispatch.java:24)
	at org.gradle.internal.dispatch.ContextClassLoaderDispatch.dispatch(ContextClassLoaderDispatch.java:33)
	at org.gradle.internal.dispatch.ProxyDispatchAdapter$DispatchingInvocationHandler.invoke(ProxyDispatchAdapter.java:92)
	at jdk.proxy1/jdk.proxy1.$Proxy4.processTestClass(Unknown Source)
	at org.gradle.api.internal.tasks.testing.worker.TestWorker$2.run(TestWorker.java:183)
	at org.gradle.api.internal.tasks.testing.worker.TestWorker.executeAndMaintainThreadName(TestWorker.java:132)
	at org.gradle.api.internal.tasks.testing.worker.TestWorker.execute(TestWorker.java:103)
	at org.gradle.api.internal.tasks.testing.worker.TestWorker.execute(TestWorker.java:63)
	at org.gradle.process.internal.worker.child.ActionExecutionWorker.execute(ActionExecutionWorker.java:56)
	at org.gradle.process.internal.worker.child.SystemApplicationClassLoaderWorker.call(SystemApplicationClassLoaderWorker.java:121)
	at org.gradle.process.internal.worker.child.SystemApplicationClassLoaderWorker.call(SystemApplicationClassLoaderWorker.java:71)
	at app//worker.org.gradle.process.internal.worker.GradleWorkerMain.run(GradleWorkerMain.java:69)
	at app//worker.org.gradle.process.internal.worker.GradleWorkerMain.main(GradleWorkerMain.java:74)
</failure>
  </testcase>
  <testcase name="testGame6x6" classname="snake.basic.FullGameTests" time="0.02">
    <failure message="org.scalatest.exceptions.TestFailedException: didPass was false&#10;Hint: The game should work at any board size which can hold the initial snake. In this case 6x6.&#10;--------------------------------------------------------------------------------&#10;This is what went wrong:&#10;&#10;step=0, rand=2, actions=&lt;&gt;&#10;Want   | Got ✓ &#10;---------------&#10;OO&gt;..A | OO&gt;..A&#10;...... | ......&#10;...... | ......&#10;...... | ......&#10;...... | ......&#10;...... | ......&#10;&#10;step=1, rand=2, actions=&lt;Step&gt;&#10;Want   | Got ✓ &#10;---------------&#10;.OO&gt;.A | .OO&gt;.A&#10;...... | ......&#10;...... | ......&#10;...... | ......&#10;...... | ......&#10;...... | ......&#10;&#10;step=2, rand=2, actions=&lt;Step&gt;&#10;Want   | Got ✓ &#10;---------------&#10;..OO&gt;A | ..OO&gt;A&#10;...... | ......&#10;...... | ......&#10;...... | ......&#10;...... | ......&#10;...... | ......&#10;&#10;step=3, rand=2, actions=&lt;Step&gt;&#10;Want   | Got ✓ &#10;---------------&#10;..AOO&gt; | ..AOO&gt;&#10;...... | ......&#10;...... | ......&#10;...... | ......&#10;...... | ......&#10;...... | ......&#10;&#10;step=4, rand=2, actions=&lt;Step&gt;&#10;Want   | Got ✓ &#10;---------------&#10;&gt;.AOOO | &gt;.AOOO&#10;...... | ......&#10;...... | ......&#10;...... | ......&#10;...... | ......&#10;...... | ......&#10;&#10;step=5, rand=2, actions=&lt;Step&gt;&#10;Want   | Got ✓ &#10;---------------&#10;O&gt;AOOO | O&gt;AOOO&#10;...... | ......&#10;...... | ......&#10;...... | ......&#10;...... | ......&#10;...... | ......&#10;&#10;step=6, rand=2, actions=&lt;Step&gt;&#10;Want   | Got ✓ &#10;---------------&#10;OO&gt;OOO | OO&gt;OOO&#10;..A... | ..A...&#10;...... | ......&#10;...... | ......&#10;...... | ......&#10;...... | ......&#10;&#10;step=7, rand=2, actions=&lt;ChangeDir(South()), Step&gt;&#10;Want   | Got ✓ &#10;---------------&#10;OOOOOO | OOOOOO&#10;..vA.. | ..vA..&#10;...... | ......&#10;...... | ......&#10;...... | ......&#10;...... | ......&#10;&#10;step=8, rand=2, actions=&lt;Step&gt;&#10;Want   | Got ✓ &#10;---------------&#10;OOOOOO | OOOOOO&#10;..OA.. | ..OA..&#10;..v... | ..v...&#10;...... | ......&#10;...... | ......&#10;...... | ......&#10;&#10;step=9, rand=2, actions=&lt;ChangeDir(West()), Step&gt;&#10;Want   | Got ✓ &#10;---------------&#10;OOOOOO | OOOOOO&#10;..OA.. | ..OA..&#10;.&lt;O... | .&lt;O...&#10;...... | ......&#10;...... | ......&#10;...... | ......&#10;&#10;step=10, rand=2, actions=&lt;ChangeDir(North()), Step&gt;&#10;Want   | Got ✓ &#10;---------------&#10;OOOOOO | OOOOOO&#10;.^OA.. | .^OA..&#10;.OO... | .OO...&#10;...... | ......&#10;...... | ......&#10;...... | ......&#10;&#10;step=11, rand=2, actions=&lt;ChangeDir(West()), Step&gt;&#10;Want   | Got ✗ &#10;---------------&#10;OOOOOO | OOO.OO&#10;&lt;OOA.. | &lt;OOA..&#10;.OO... | .OO...&#10;...... | ......&#10;...... | ......&#10;...... | ......&#10;&#10;step=12, rand=2, actions=&lt;Step&gt;&#10;Want   | Got ✗ &#10;---------------&#10;OOOOOO | OOO..O&#10;OOOA.&lt; | OOOA.&lt;&#10;.OO... | .OO...&#10;...... | ......&#10;...... | ......&#10;...... | ......&#10;&#10;step=13, rand=2, actions=&lt;Step&gt;&#10;Want   | Got ✗ &#10;---------------&#10;OOO.OO | OOO...&#10;OOOA&lt;O | OOOA&lt;O&#10;.OO... | .OO...&#10;...... | ......&#10;...... | ......&#10;...... | ......&#10;&#10;step=14, rand=2, actions=&lt;Step&gt;&#10;Want   | Got ✗ &#10;---------------&#10;OOO..O | .OO.A.&#10;OOO&lt;OO | OOO&lt;OO&#10;AOO... | .OO...&#10;...... | ......&#10;...... | ......&#10;...... | ......&#10;&#10;step=15, rand=2, actions=&lt;ChangeDir(North()), Step&gt;&#10;Want   | Got ✗ &#10;---------------&#10;OOO^.O | .OO^A.&#10;OOOOOO | OOOOOO&#10;AOO... | .OO...&#10;...... | ......&#10;...... | ......&#10;...... | ......&#10;&#10;step=16, rand=2, actions=&lt;Step&gt;&#10;Want   | Got ✗ &#10;---------------&#10;OOOO.O | .OOOA.&#10;OOOOOO | OOOOOO&#10;AOO... | .OO...&#10;...... | ......&#10;...... | ......&#10;...^.. | ...^..&#10;&#10;step=17, rand=2, actions=&lt;Step&gt;&#10;Want   | Got ✗ &#10;---------------&#10;OOOO.O | .OOOA.&#10;OOOOOO | OOOOOO&#10;AOO... | .OO...&#10;...... | ......&#10;...^.. | ...^..&#10;...O.. | ...O..&#10;&#10;step=18, rand=2, actions=&lt;ChangeDir(West()), Step&gt;&#10;Want   | Got ✗ &#10;---------------&#10;OOOO.. | ..OOA.&#10;OOOOOO | OOOOOO&#10;AOO... | .OO...&#10;...... | ......&#10;..&lt;O.. | ..&lt;O..&#10;...O.. | ...O..&#10;&#10;step=19, rand=2, actions=&lt;Step&gt;&#10;Want   | Got ✗ &#10;---------------&#10;.OOO.. | ...OA.&#10;OOOOOO | OOOOOO&#10;AOO... | .OO...&#10;...... | ......&#10;.&lt;OO.. | .&lt;OO..&#10;...O.. | ...O..&#10;&#10;step=20, rand=2, actions=&lt;Step&gt;&#10;Want   | Got ✗ &#10;---------------&#10;..OO.. | ...OA.&#10;OOOOOO | OO.OOO&#10;AOO... | .OO...&#10;...... | ......&#10;&lt;OOO.. | &lt;OOO..&#10;...O.. | ...O..&#10;&#10;step=21, rand=2, actions=&lt;ChangeDir(North()), Step&gt;&#10;Want   | Got ✗ &#10;---------------&#10;...O.. | ...OA.&#10;OOOOOO | OO.OOO&#10;AOO... | .O....&#10;^..... | ^.....&#10;OOOO.. | OOOO..&#10;...O.. | ...O..&#10;&#10;step=22, rand=2, actions=&lt;Step&gt;&#10;Want   | Got ✗ &#10;---------------&#10;..AO.. | ...OA.&#10;OO.OOO | OO.OOO&#10;^OO... | ^.....&#10;O..... | O.....&#10;OOOO.. | OOOO..&#10;...O.. | ...O..&#10;&#10;step=23, rand=2, actions=&lt;ChangeDir(West()), Step&gt;&#10;Want   | Got ✗ &#10;---------------&#10;..AO.. | ...OA.&#10;OO.OOO | O..OOO&#10;OOO..&lt; | O....&lt;&#10;O..... | O.....&#10;OOOO.. | OOOO..&#10;...O.. | ...O..&#10;&#10;step=24, rand=2, actions=&lt;Step&gt;&#10;Want   | Got ✗ &#10;---------------&#10;..AO.. | ...OA.&#10;OO.OOO | ...OOO&#10;OOO.&lt;O | O...&lt;O&#10;O..... | O.....&#10;OOOO.. | OOOO..&#10;...O.. | ...O..&#10;&#10;step=25, rand=2, actions=&lt;ChangeDir(South()), Step&gt;&#10;Want   | Got ✗ &#10;---------------&#10;..AO.. | ...OA.&#10;OO.OOO | ...OO.&#10;OOO.OO | O...OO&#10;O...v. | O...v.&#10;OOOO.. | OOOO..&#10;...O.. | ...O..&#10;&#10;step=26, rand=2, actions=&lt;ChangeDir(East()), Step&gt;&#10;Want   | Got ✗ &#10;---------------&#10;..AO.. | ...OA.&#10;OO.OOO | ...O..&#10;OO..OO | O...OO&#10;O...O&gt; | O...O&gt;&#10;OOOO.. | OOOO..&#10;...O.. | ...O..&#10;&#10;step=27, rand=2, actions=&lt;Step&gt;&#10;Want              | Got ✗ &#10;--------------------------&#10;GameOverDisplay() | ...OA.&#10;                  | ......&#10;                  | O...OO&#10;                  | &gt;...OO&#10;                  | OOOO..&#10;                  | ...O..&#10;&#10;" type="org.scalatest.exceptions.TestFailedException">org.scalatest.exceptions.TestFailedException: didPass was false
Hint: The game should work at any board size which can hold the initial snake. In this case 6x6.
--------------------------------------------------------------------------------
This is what went wrong:

step=0, rand=2, actions=&lt;&gt;
Want   | Got ✓ 
---------------
OO&gt;..A | OO&gt;..A
...... | ......
...... | ......
...... | ......
...... | ......
...... | ......

step=1, rand=2, actions=&lt;Step&gt;
Want   | Got ✓ 
---------------
.OO&gt;.A | .OO&gt;.A
...... | ......
...... | ......
...... | ......
...... | ......
...... | ......

step=2, rand=2, actions=&lt;Step&gt;
Want   | Got ✓ 
---------------
..OO&gt;A | ..OO&gt;A
...... | ......
...... | ......
...... | ......
...... | ......
...... | ......

step=3, rand=2, actions=&lt;Step&gt;
Want   | Got ✓ 
---------------
..AOO&gt; | ..AOO&gt;
...... | ......
...... | ......
...... | ......
...... | ......
...... | ......

step=4, rand=2, actions=&lt;Step&gt;
Want   | Got ✓ 
---------------
&gt;.AOOO | &gt;.AOOO
...... | ......
...... | ......
...... | ......
...... | ......
...... | ......

step=5, rand=2, actions=&lt;Step&gt;
Want   | Got ✓ 
---------------
O&gt;AOOO | O&gt;AOOO
...... | ......
...... | ......
...... | ......
...... | ......
...... | ......

step=6, rand=2, actions=&lt;Step&gt;
Want   | Got ✓ 
---------------
OO&gt;OOO | OO&gt;OOO
..A... | ..A...
...... | ......
...... | ......
...... | ......
...... | ......

step=7, rand=2, actions=&lt;ChangeDir(South()), Step&gt;
Want   | Got ✓ 
---------------
OOOOOO | OOOOOO
..vA.. | ..vA..
...... | ......
...... | ......
...... | ......
...... | ......

step=8, rand=2, actions=&lt;Step&gt;
Want   | Got ✓ 
---------------
OOOOOO | OOOOOO
..OA.. | ..OA..
..v... | ..v...
...... | ......
...... | ......
...... | ......

step=9, rand=2, actions=&lt;ChangeDir(West()), Step&gt;
Want   | Got ✓ 
---------------
OOOOOO | OOOOOO
..OA.. | ..OA..
.&lt;O... | .&lt;O...
...... | ......
...... | ......
...... | ......

step=10, rand=2, actions=&lt;ChangeDir(North()), Step&gt;
Want   | Got ✓ 
---------------
OOOOOO | OOOOOO
.^OA.. | .^OA..
.OO... | .OO...
...... | ......
...... | ......
...... | ......

step=11, rand=2, actions=&lt;ChangeDir(West()), Step&gt;
Want   | Got ✗ 
---------------
OOOOOO | OOO.OO
&lt;OOA.. | &lt;OOA..
.OO... | .OO...
...... | ......
...... | ......
...... | ......

step=12, rand=2, actions=&lt;Step&gt;
Want   | Got ✗ 
---------------
OOOOOO | OOO..O
OOOA.&lt; | OOOA.&lt;
.OO... | .OO...
...... | ......
...... | ......
...... | ......

step=13, rand=2, actions=&lt;Step&gt;
Want   | Got ✗ 
---------------
OOO.OO | OOO...
OOOA&lt;O | OOOA&lt;O
.OO... | .OO...
...... | ......
...... | ......
...... | ......

step=14, rand=2, actions=&lt;Step&gt;
Want   | Got ✗ 
---------------
OOO..O | .OO.A.
OOO&lt;OO | OOO&lt;OO
AOO... | .OO...
...... | ......
...... | ......
...... | ......

step=15, rand=2, actions=&lt;ChangeDir(North()), Step&gt;
Want   | Got ✗ 
---------------
OOO^.O | .OO^A.
OOOOOO | OOOOOO
AOO... | .OO...
...... | ......
...... | ......
...... | ......

step=16, rand=2, actions=&lt;Step&gt;
Want   | Got ✗ 
---------------
OOOO.O | .OOOA.
OOOOOO | OOOOOO
AOO... | .OO...
...... | ......
...... | ......
...^.. | ...^..

step=17, rand=2, actions=&lt;Step&gt;
Want   | Got ✗ 
---------------
OOOO.O | .OOOA.
OOOOOO | OOOOOO
AOO... | .OO...
...... | ......
...^.. | ...^..
...O.. | ...O..

step=18, rand=2, actions=&lt;ChangeDir(West()), Step&gt;
Want   | Got ✗ 
---------------
OOOO.. | ..OOA.
OOOOOO | OOOOOO
AOO... | .OO...
...... | ......
..&lt;O.. | ..&lt;O..
...O.. | ...O..

step=19, rand=2, actions=&lt;Step&gt;
Want   | Got ✗ 
---------------
.OOO.. | ...OA.
OOOOOO | OOOOOO
AOO... | .OO...
...... | ......
.&lt;OO.. | .&lt;OO..
...O.. | ...O..

step=20, rand=2, actions=&lt;Step&gt;
Want   | Got ✗ 
---------------
..OO.. | ...OA.
OOOOOO | OO.OOO
AOO... | .OO...
...... | ......
&lt;OOO.. | &lt;OOO..
...O.. | ...O..

step=21, rand=2, actions=&lt;ChangeDir(North()), Step&gt;
Want   | Got ✗ 
---------------
...O.. | ...OA.
OOOOOO | OO.OOO
AOO... | .O....
^..... | ^.....
OOOO.. | OOOO..
...O.. | ...O..

step=22, rand=2, actions=&lt;Step&gt;
Want   | Got ✗ 
---------------
..AO.. | ...OA.
OO.OOO | OO.OOO
^OO... | ^.....
O..... | O.....
OOOO.. | OOOO..
...O.. | ...O..

step=23, rand=2, actions=&lt;ChangeDir(West()), Step&gt;
Want   | Got ✗ 
---------------
..AO.. | ...OA.
OO.OOO | O..OOO
OOO..&lt; | O....&lt;
O..... | O.....
OOOO.. | OOOO..
...O.. | ...O..

step=24, rand=2, actions=&lt;Step&gt;
Want   | Got ✗ 
---------------
..AO.. | ...OA.
OO.OOO | ...OOO
OOO.&lt;O | O...&lt;O
O..... | O.....
OOOO.. | OOOO..
...O.. | ...O..

step=25, rand=2, actions=&lt;ChangeDir(South()), Step&gt;
Want   | Got ✗ 
---------------
..AO.. | ...OA.
OO.OOO | ...OO.
OOO.OO | O...OO
O...v. | O...v.
OOOO.. | OOOO..
...O.. | ...O..

step=26, rand=2, actions=&lt;ChangeDir(East()), Step&gt;
Want   | Got ✗ 
---------------
..AO.. | ...OA.
OO.OOO | ...O..
OO..OO | O...OO
O...O&gt; | O...O&gt;
OOOO.. | OOOO..
...O.. | ...O..

step=27, rand=2, actions=&lt;Step&gt;
Want              | Got ✗ 
--------------------------
GameOverDisplay() | ...OA.
                  | ......
                  | O...OO
                  | &gt;...OO
                  | OOOO..
                  | ...O..


	at app//org.scalatest.Assertions.newAssertionFailedException(Assertions.scala:530)
	at app//org.scalatest.Assertions.newAssertionFailedException$(Assertions.scala:529)
	at app//org.scalatest.FunSuite.newAssertionFailedException(FunSuite.scala:1560)
	at app//org.scalatest.Assertions$AssertionsHelper.macroAssert(Assertions.scala:503)
	at app//generic.GameTestSuite.checkGame(GameTestSuite.scala:298)
	at app//snake.SnakeTestSuiteBase.checkGame(SnakeTestSuiteBase.scala:102)
	at app//snake.basic.FullGameTests.$anonfun$new$2(FullGameTests.scala:223)
	at app//scala.runtime.java8.JFunction0$mcV$sp.apply(JFunction0$mcV$sp.scala:18)
	at app//infrastructure.TestBase.$anonfun$test$1(TestBase.scala:36)
	at app//org.scalatest.OutcomeOf.outcomeOf(OutcomeOf.scala:85)
	at app//org.scalatest.OutcomeOf.outcomeOf$(OutcomeOf.scala:83)
	at app//org.scalatest.OutcomeOf$.outcomeOf(OutcomeOf.scala:104)
	at app//org.scalatest.Transformer.apply(Transformer.scala:22)
	at app//org.scalatest.Transformer.apply(Transformer.scala:20)
	at app//org.scalatest.FunSuiteLike$$anon$1.apply(FunSuiteLike.scala:186)
	at app//org.scalatest.TestSuite.withFixture(TestSuite.scala:196)
	at app//org.scalatest.TestSuite.withFixture$(TestSuite.scala:195)
	at app//infrastructure.TestBase.org$scalatest$concurrent$TimeLimitedTests$$super$withFixture(TestBase.scala:9)
	at app//org.scalatest.concurrent.TimeLimitedTests.$anonfun$withFixture$3(TimeLimitedTests.scala:154)
	at app//org.scalatest.enablers.Timed$$anon$1.timeoutAfter(Timed.scala:127)
	at app//org.scalatest.concurrent.TimeLimits.failAfterImpl(TimeLimits.scala:239)
	at app//org.scalatest.concurrent.TimeLimits.failAfterImpl$(TimeLimits.scala:233)
	at app//org.scalatest.concurrent.TimeLimits$.failAfterImpl(TimeLimits.scala:305)
	at app//org.scalatest.concurrent.TimeLimitedTests.withFixture(TimeLimitedTests.scala:153)
	at app//org.scalatest.concurrent.TimeLimitedTests.withFixture$(TimeLimitedTests.scala:150)
	at app//infrastructure.TestBase.withFixture(TestBase.scala:9)
	at app//org.scalatest.FunSuiteLike.invokeWithFixture$1(FunSuiteLike.scala:184)
	at app//org.scalatest.FunSuiteLike.$anonfun$runTest$1(FunSuiteLike.scala:196)
	at app//org.scalatest.SuperEngine.runTestImpl(Engine.scala:286)
	at app//org.scalatest.FunSuiteLike.runTest(FunSuiteLike.scala:196)
	at app//org.scalatest.FunSuiteLike.runTest$(FunSuiteLike.scala:178)
	at app//org.scalatest.FunSuite.runTest(FunSuite.scala:1560)
	at app//org.scalatest.FunSuiteLike.$anonfun$runTests$1(FunSuiteLike.scala:229)
	at app//org.scalatest.SuperEngine.$anonfun$runTestsInBranch$1(Engine.scala:393)
	at app//scala.collection.immutable.List.foreach(List.scala:334)
	at app//org.scalatest.SuperEngine.traverseSubNodes$1(Engine.scala:381)
	at app//org.scalatest.SuperEngine.runTestsInBranch(Engine.scala:376)
	at app//org.scalatest.SuperEngine.runTestsImpl(Engine.scala:458)
	at app//org.scalatest.FunSuiteLike.runTests(FunSuiteLike.scala:229)
	at app//org.scalatest.FunSuiteLike.runTests$(FunSuiteLike.scala:228)
	at app//org.scalatest.FunSuite.runTests(FunSuite.scala:1560)
	at app//org.scalatest.Suite.run(Suite.scala:1124)
	at app//org.scalatest.Suite.run$(Suite.scala:1106)
	at app//org.scalatest.FunSuite.org$scalatest$FunSuiteLike$$super$run(FunSuite.scala:1560)
	at app//org.scalatest.FunSuiteLike.$anonfun$run$1(FunSuiteLike.scala:233)
	at app//org.scalatest.SuperEngine.runImpl(Engine.scala:518)
	at app//org.scalatest.FunSuiteLike.run(FunSuiteLike.scala:233)
	at app//org.scalatest.FunSuiteLike.run$(FunSuiteLike.scala:232)
	at app//infrastructure.TestBase.run(TestBase.scala:26)
	at app//org.scalatest.Suite.callExecuteOnSuite$1(Suite.scala:1187)
	at app//org.scalatest.Suite.$anonfun$runNestedSuites$1(Suite.scala:1234)
	at app//scala.collection.ArrayOps$.foreach$extension(ArrayOps.scala:1323)
	at app//org.scalatest.Suite.runNestedSuites(Suite.scala:1232)
	at app//org.scalatest.Suite.runNestedSuites$(Suite.scala:1166)
	at app//org.scalatest.Suites.runNestedSuites(Suites.scala:56)
	at app//org.scalatest.Suite.run(Suite.scala:1121)
	at app//org.scalatest.Suite.run$(Suite.scala:1106)
	at app//snake.SnakeTestSuite.runDirect(SnakeTestSuite.scala:24)
	at app//snake.SnakeTestSuite.run(SnakeTestSuite.scala:16)
	at app//org.scalatestplus.junit.JUnitRunner.run(JUnitRunner.scala:99)
	at org.gradle.api.internal.tasks.testing.junit.JUnitTestClassExecutor.runTestClass(JUnitTestClassExecutor.java:112)
	at org.gradle.api.internal.tasks.testing.junit.JUnitTestClassExecutor.execute(JUnitTestClassExecutor.java:58)
	at org.gradle.api.internal.tasks.testing.junit.JUnitTestClassExecutor.execute(JUnitTestClassExecutor.java:40)
	at org.gradle.api.internal.tasks.testing.junit.AbstractJUnitTestClassProcessor.processTestClass(AbstractJUnitTestClassProcessor.java:54)
	at org.gradle.api.internal.tasks.testing.SuiteTestClassProcessor.processTestClass(SuiteTestClassProcessor.java:53)
	at java.base@20.0.2/jdk.internal.reflect.DirectMethodHandleAccessor.invoke(DirectMethodHandleAccessor.java:104)
	at java.base@20.0.2/java.lang.reflect.Method.invoke(Method.java:578)
	at org.gradle.internal.dispatch.ReflectionDispatch.dispatch(ReflectionDispatch.java:36)
	at org.gradle.internal.dispatch.ReflectionDispatch.dispatch(ReflectionDispatch.java:24)
	at org.gradle.internal.dispatch.ContextClassLoaderDispatch.dispatch(ContextClassLoaderDispatch.java:33)
	at org.gradle.internal.dispatch.ProxyDispatchAdapter$DispatchingInvocationHandler.invoke(ProxyDispatchAdapter.java:92)
	at jdk.proxy1/jdk.proxy1.$Proxy4.processTestClass(Unknown Source)
	at org.gradle.api.internal.tasks.testing.worker.TestWorker$2.run(TestWorker.java:183)
	at org.gradle.api.internal.tasks.testing.worker.TestWorker.executeAndMaintainThreadName(TestWorker.java:132)
	at org.gradle.api.internal.tasks.testing.worker.TestWorker.execute(TestWorker.java:103)
	at org.gradle.api.internal.tasks.testing.worker.TestWorker.execute(TestWorker.java:63)
	at org.gradle.process.internal.worker.child.ActionExecutionWorker.execute(ActionExecutionWorker.java:56)
	at org.gradle.process.internal.worker.child.SystemApplicationClassLoaderWorker.call(SystemApplicationClassLoaderWorker.java:121)
	at org.gradle.process.internal.worker.child.SystemApplicationClassLoaderWorker.call(SystemApplicationClassLoaderWorker.java:71)
	at app//worker.org.gradle.process.internal.worker.GradleWorkerMain.run(GradleWorkerMain.java:69)
	at app//worker.org.gradle.process.internal.worker.GradleWorkerMain.main(GradleWorkerMain.java:74)
</failure>
  </testcase>
  <testcase name="testGame6x3" classname="snake.basic.FullGameTests" time="0.02">
    <failure message="org.scalatest.exceptions.TestFailedException: didPass was false&#10;Hint: The game should work at any board size which can hold the initial snake. In this case 6x3.&#10;--------------------------------------------------------------------------------&#10;This is what went wrong:&#10;&#10;step=0, rand=2, actions=&lt;&gt;&#10;Want   | Got ✓ &#10;---------------&#10;OO&gt;..A | OO&gt;..A&#10;...... | ......&#10;...... | ......&#10;&#10;step=1, rand=2, actions=&lt;Step&gt;&#10;Want   | Got ✓ &#10;---------------&#10;.OO&gt;.A | .OO&gt;.A&#10;...... | ......&#10;...... | ......&#10;&#10;step=2, rand=2, actions=&lt;Step&gt;&#10;Want   | Got ✓ &#10;---------------&#10;..OO&gt;A | ..OO&gt;A&#10;...... | ......&#10;...... | ......&#10;&#10;step=3, rand=2, actions=&lt;Step&gt;&#10;Want   | Got ✓ &#10;---------------&#10;..AOO&gt; | ..AOO&gt;&#10;...... | ......&#10;...... | ......&#10;&#10;step=4, rand=2, actions=&lt;Step&gt;&#10;Want   | Got ✓ &#10;---------------&#10;&gt;.AOOO | &gt;.AOOO&#10;...... | ......&#10;...... | ......&#10;&#10;step=5, rand=2, actions=&lt;Step&gt;&#10;Want   | Got ✓ &#10;---------------&#10;O&gt;AOOO | O&gt;AOOO&#10;...... | ......&#10;...... | ......&#10;&#10;step=6, rand=2, actions=&lt;Step&gt;&#10;Want   | Got ✓ &#10;---------------&#10;OO&gt;OOO | OO&gt;OOO&#10;..A... | ..A...&#10;...... | ......&#10;&#10;step=7, rand=2, actions=&lt;ChangeDir(North()), Step&gt;&#10;Want   | Got ✓ &#10;---------------&#10;OOOOOO | OOOOOO&#10;..A... | ..A...&#10;..^... | ..^...&#10;&#10;step=8, rand=2, actions=&lt;Step&gt;&#10;Want   | Got ✓ &#10;---------------&#10;OOOOOO | OOOOOO&#10;..^A.. | ..^A..&#10;..O... | ..O...&#10;&#10;step=9, rand=2, actions=&lt;ChangeDir(West()), Step&gt;&#10;Want   | Got ✓ &#10;---------------&#10;OOOOOO | OOOOOO&#10;.&lt;OA.. | .&lt;OA..&#10;..O... | ..O...&#10;&#10;step=10, rand=2, actions=&lt;Step&gt;&#10;Want   | Got ✓ &#10;---------------&#10;OOOOOO | OOOOOO&#10;&lt;OOA.. | &lt;OOA..&#10;..O... | ..O...&#10;&#10;step=11, rand=2, actions=&lt;Step&gt;&#10;Want   | Got ✓ &#10;---------------&#10;OOOOOO | OOOOOO&#10;OOOA.&lt; | OOOA.&lt;&#10;..O... | ..O...&#10;&#10;step=12, rand=2, actions=&lt;Step&gt;&#10;Want   | Got ✗ &#10;---------------&#10;OOOOOO | OOO.OO&#10;OOOA&lt;O | OOOA&lt;O&#10;..O... | ..O...&#10;&#10;step=13, rand=2, actions=&lt;Step&gt;&#10;Want   | Got ✗ &#10;---------------&#10;OOO.OO | OOO..O&#10;OOO&lt;OO | OOO&lt;OO&#10;.AO... | A.O...&#10;&#10;step=14, rand=2, actions=&lt;ChangeDir(South()), Step&gt;&#10;Want   | Got ✗ &#10;---------------&#10;OOO.OO | OOO..O&#10;OOOOOO | OOOOOO&#10;.AOv.. | A.Ov..&#10;&#10;step=15, rand=2, actions=&lt;ChangeDir(East()), Step&gt;&#10;Want   | Got ✗ &#10;---------------&#10;OOO.OO | OOO..O&#10;OOOOOO | OOOOOO&#10;.AOO&gt;. | A.OO&gt;.&#10;&#10;step=16, rand=2, actions=&lt;Step&gt;&#10;Want   | Got ✗ &#10;---------------&#10;OOO.OO | OOO..O&#10;OOOOOO | OOOOOO&#10;.AOOO&gt; | A.OOO&gt;&#10;&#10;step=17, rand=2, actions=&lt;Step&gt;&#10;Want   | Got ✗ &#10;---------------&#10;OOO..O | OOO...&#10;OOOOOO | OOOOOO&#10;&gt;AOOOO | &gt;.OOOO&#10;&#10;step=18, rand=2, actions=&lt;Step&gt;&#10;Want   | Got ✗ &#10;---------------&#10;OOO..A | .OO...&#10;OOOOOO | OOOOOO&#10;O&gt;OOOO | O&gt;OOOO&#10;&#10;step=19, rand=2, actions=&lt;Step&gt;&#10;Want              | Got ✓            &#10;-------------------------------------&#10;GameOverDisplay() | GameOverDisplay()&#10;&#10;" type="org.scalatest.exceptions.TestFailedException">org.scalatest.exceptions.TestFailedException: didPass was false
Hint: The game should work at any board size which can hold the initial snake. In this case 6x3.
--------------------------------------------------------------------------------
This is what went wrong:

step=0, rand=2, actions=&lt;&gt;
Want   | Got ✓ 
---------------
OO&gt;..A | OO&gt;..A
...... | ......
...... | ......

step=1, rand=2, actions=&lt;Step&gt;
Want   | Got ✓ 
---------------
.OO&gt;.A | .OO&gt;.A
...... | ......
...... | ......

step=2, rand=2, actions=&lt;Step&gt;
Want   | Got ✓ 
---------------
..OO&gt;A | ..OO&gt;A
...... | ......
...... | ......

step=3, rand=2, actions=&lt;Step&gt;
Want   | Got ✓ 
---------------
..AOO&gt; | ..AOO&gt;
...... | ......
...... | ......

step=4, rand=2, actions=&lt;Step&gt;
Want   | Got ✓ 
---------------
&gt;.AOOO | &gt;.AOOO
...... | ......
...... | ......

step=5, rand=2, actions=&lt;Step&gt;
Want   | Got ✓ 
---------------
O&gt;AOOO | O&gt;AOOO
...... | ......
...... | ......

step=6, rand=2, actions=&lt;Step&gt;
Want   | Got ✓ 
---------------
OO&gt;OOO | OO&gt;OOO
..A... | ..A...
...... | ......

step=7, rand=2, actions=&lt;ChangeDir(North()), Step&gt;
Want   | Got ✓ 
---------------
OOOOOO | OOOOOO
..A... | ..A...
..^... | ..^...

step=8, rand=2, actions=&lt;Step&gt;
Want   | Got ✓ 
---------------
OOOOOO | OOOOOO
..^A.. | ..^A..
..O... | ..O...

step=9, rand=2, actions=&lt;ChangeDir(West()), Step&gt;
Want   | Got ✓ 
---------------
OOOOOO | OOOOOO
.&lt;OA.. | .&lt;OA..
..O... | ..O...

step=10, rand=2, actions=&lt;Step&gt;
Want   | Got ✓ 
---------------
OOOOOO | OOOOOO
&lt;OOA.. | &lt;OOA..
..O... | ..O...

step=11, rand=2, actions=&lt;Step&gt;
Want   | Got ✓ 
---------------
OOOOOO | OOOOOO
OOOA.&lt; | OOOA.&lt;
..O... | ..O...

step=12, rand=2, actions=&lt;Step&gt;
Want   | Got ✗ 
---------------
OOOOOO | OOO.OO
OOOA&lt;O | OOOA&lt;O
..O... | ..O...

step=13, rand=2, actions=&lt;Step&gt;
Want   | Got ✗ 
---------------
OOO.OO | OOO..O
OOO&lt;OO | OOO&lt;OO
.AO... | A.O...

step=14, rand=2, actions=&lt;ChangeDir(South()), Step&gt;
Want   | Got ✗ 
---------------
OOO.OO | OOO..O
OOOOOO | OOOOOO
.AOv.. | A.Ov..

step=15, rand=2, actions=&lt;ChangeDir(East()), Step&gt;
Want   | Got ✗ 
---------------
OOO.OO | OOO..O
OOOOOO | OOOOOO
.AOO&gt;. | A.OO&gt;.

step=16, rand=2, actions=&lt;Step&gt;
Want   | Got ✗ 
---------------
OOO.OO | OOO..O
OOOOOO | OOOOOO
.AOOO&gt; | A.OOO&gt;

step=17, rand=2, actions=&lt;Step&gt;
Want   | Got ✗ 
---------------
OOO..O | OOO...
OOOOOO | OOOOOO
&gt;AOOOO | &gt;.OOOO

step=18, rand=2, actions=&lt;Step&gt;
Want   | Got ✗ 
---------------
OOO..A | .OO...
OOOOOO | OOOOOO
O&gt;OOOO | O&gt;OOOO

step=19, rand=2, actions=&lt;Step&gt;
Want              | Got ✓            
-------------------------------------
GameOverDisplay() | GameOverDisplay()


	at app//org.scalatest.Assertions.newAssertionFailedException(Assertions.scala:530)
	at app//org.scalatest.Assertions.newAssertionFailedException$(Assertions.scala:529)
	at app//org.scalatest.FunSuite.newAssertionFailedException(FunSuite.scala:1560)
	at app//org.scalatest.Assertions$AssertionsHelper.macroAssert(Assertions.scala:503)
	at app//generic.GameTestSuite.checkGame(GameTestSuite.scala:298)
	at app//snake.SnakeTestSuiteBase.checkGame(SnakeTestSuiteBase.scala:102)
	at app//snake.basic.FullGameTests.$anonfun$new$3(FullGameTests.scala:308)
	at app//scala.runtime.java8.JFunction0$mcV$sp.apply(JFunction0$mcV$sp.scala:18)
	at app//infrastructure.TestBase.$anonfun$test$1(TestBase.scala:36)
	at app//org.scalatest.OutcomeOf.outcomeOf(OutcomeOf.scala:85)
	at app//org.scalatest.OutcomeOf.outcomeOf$(OutcomeOf.scala:83)
	at app//org.scalatest.OutcomeOf$.outcomeOf(OutcomeOf.scala:104)
	at app//org.scalatest.Transformer.apply(Transformer.scala:22)
	at app//org.scalatest.Transformer.apply(Transformer.scala:20)
	at app//org.scalatest.FunSuiteLike$$anon$1.apply(FunSuiteLike.scala:186)
	at app//org.scalatest.TestSuite.withFixture(TestSuite.scala:196)
	at app//org.scalatest.TestSuite.withFixture$(TestSuite.scala:195)
	at app//infrastructure.TestBase.org$scalatest$concurrent$TimeLimitedTests$$super$withFixture(TestBase.scala:9)
	at app//org.scalatest.concurrent.TimeLimitedTests.$anonfun$withFixture$3(TimeLimitedTests.scala:154)
	at app//org.scalatest.enablers.Timed$$anon$1.timeoutAfter(Timed.scala:127)
	at app//org.scalatest.concurrent.TimeLimits.failAfterImpl(TimeLimits.scala:239)
	at app//org.scalatest.concurrent.TimeLimits.failAfterImpl$(TimeLimits.scala:233)
	at app//org.scalatest.concurrent.TimeLimits$.failAfterImpl(TimeLimits.scala:305)
	at app//org.scalatest.concurrent.TimeLimitedTests.withFixture(TimeLimitedTests.scala:153)
	at app//org.scalatest.concurrent.TimeLimitedTests.withFixture$(TimeLimitedTests.scala:150)
	at app//infrastructure.TestBase.withFixture(TestBase.scala:9)
	at app//org.scalatest.FunSuiteLike.invokeWithFixture$1(FunSuiteLike.scala:184)
	at app//org.scalatest.FunSuiteLike.$anonfun$runTest$1(FunSuiteLike.scala:196)
	at app//org.scalatest.SuperEngine.runTestImpl(Engine.scala:286)
	at app//org.scalatest.FunSuiteLike.runTest(FunSuiteLike.scala:196)
	at app//org.scalatest.FunSuiteLike.runTest$(FunSuiteLike.scala:178)
	at app//org.scalatest.FunSuite.runTest(FunSuite.scala:1560)
	at app//org.scalatest.FunSuiteLike.$anonfun$runTests$1(FunSuiteLike.scala:229)
	at app//org.scalatest.SuperEngine.$anonfun$runTestsInBranch$1(Engine.scala:393)
	at app//scala.collection.immutable.List.foreach(List.scala:334)
	at app//org.scalatest.SuperEngine.traverseSubNodes$1(Engine.scala:381)
	at app//org.scalatest.SuperEngine.runTestsInBranch(Engine.scala:376)
	at app//org.scalatest.SuperEngine.runTestsImpl(Engine.scala:458)
	at app//org.scalatest.FunSuiteLike.runTests(FunSuiteLike.scala:229)
	at app//org.scalatest.FunSuiteLike.runTests$(FunSuiteLike.scala:228)
	at app//org.scalatest.FunSuite.runTests(FunSuite.scala:1560)
	at app//org.scalatest.Suite.run(Suite.scala:1124)
	at app//org.scalatest.Suite.run$(Suite.scala:1106)
	at app//org.scalatest.FunSuite.org$scalatest$FunSuiteLike$$super$run(FunSuite.scala:1560)
	at app//org.scalatest.FunSuiteLike.$anonfun$run$1(FunSuiteLike.scala:233)
	at app//org.scalatest.SuperEngine.runImpl(Engine.scala:518)
	at app//org.scalatest.FunSuiteLike.run(FunSuiteLike.scala:233)
	at app//org.scalatest.FunSuiteLike.run$(FunSuiteLike.scala:232)
	at app//infrastructure.TestBase.run(TestBase.scala:26)
	at app//org.scalatest.Suite.callExecuteOnSuite$1(Suite.scala:1187)
	at app//org.scalatest.Suite.$anonfun$runNestedSuites$1(Suite.scala:1234)
	at app//scala.collection.ArrayOps$.foreach$extension(ArrayOps.scala:1323)
	at app//org.scalatest.Suite.runNestedSuites(Suite.scala:1232)
	at app//org.scalatest.Suite.runNestedSuites$(Suite.scala:1166)
	at app//org.scalatest.Suites.runNestedSuites(Suites.scala:56)
	at app//org.scalatest.Suite.run(Suite.scala:1121)
	at app//org.scalatest.Suite.run$(Suite.scala:1106)
	at app//snake.SnakeTestSuite.runDirect(SnakeTestSuite.scala:24)
	at app//snake.SnakeTestSuite.run(SnakeTestSuite.scala:16)
	at app//org.scalatestplus.junit.JUnitRunner.run(JUnitRunner.scala:99)
	at org.gradle.api.internal.tasks.testing.junit.JUnitTestClassExecutor.runTestClass(JUnitTestClassExecutor.java:112)
	at org.gradle.api.internal.tasks.testing.junit.JUnitTestClassExecutor.execute(JUnitTestClassExecutor.java:58)
	at org.gradle.api.internal.tasks.testing.junit.JUnitTestClassExecutor.execute(JUnitTestClassExecutor.java:40)
	at org.gradle.api.internal.tasks.testing.junit.AbstractJUnitTestClassProcessor.processTestClass(AbstractJUnitTestClassProcessor.java:54)
	at org.gradle.api.internal.tasks.testing.SuiteTestClassProcessor.processTestClass(SuiteTestClassProcessor.java:53)
	at java.base@20.0.2/jdk.internal.reflect.DirectMethodHandleAccessor.invoke(DirectMethodHandleAccessor.java:104)
	at java.base@20.0.2/java.lang.reflect.Method.invoke(Method.java:578)
	at org.gradle.internal.dispatch.ReflectionDispatch.dispatch(ReflectionDispatch.java:36)
	at org.gradle.internal.dispatch.ReflectionDispatch.dispatch(ReflectionDispatch.java:24)
	at org.gradle.internal.dispatch.ContextClassLoaderDispatch.dispatch(ContextClassLoaderDispatch.java:33)
	at org.gradle.internal.dispatch.ProxyDispatchAdapter$DispatchingInvocationHandler.invoke(ProxyDispatchAdapter.java:92)
	at jdk.proxy1/jdk.proxy1.$Proxy4.processTestClass(Unknown Source)
	at org.gradle.api.internal.tasks.testing.worker.TestWorker$2.run(TestWorker.java:183)
	at org.gradle.api.internal.tasks.testing.worker.TestWorker.executeAndMaintainThreadName(TestWorker.java:132)
	at org.gradle.api.internal.tasks.testing.worker.TestWorker.execute(TestWorker.java:103)
	at org.gradle.api.internal.tasks.testing.worker.TestWorker.execute(TestWorker.java:63)
	at org.gradle.process.internal.worker.child.ActionExecutionWorker.execute(ActionExecutionWorker.java:56)
	at org.gradle.process.internal.worker.child.SystemApplicationClassLoaderWorker.call(SystemApplicationClassLoaderWorker.java:121)
	at org.gradle.process.internal.worker.child.SystemApplicationClassLoaderWorker.call(SystemApplicationClassLoaderWorker.java:71)
	at app//worker.org.gradle.process.internal.worker.GradleWorkerMain.run(GradleWorkerMain.java:69)
	at app//worker.org.gradle.process.internal.worker.GradleWorkerMain.main(GradleWorkerMain.java:74)
</failure>
  </testcase>
  <testcase name="testGame10x7" classname="snake.basic.FullGameTests" time="0.033"/>
  <testcase name="testInterleave6x3and10x7" classname="snake.basic.FullGameTests" time="0.016">
    <failure message="org.scalatest.exceptions.TestFailedException: didPass was false&#10;&#13; Hint: It should be possible to “run” multiple games simultaneously, i.e., it should not&#13; be a problem to have multiple instances of SnakeLogic which act independently. To test&#13; this, we perform “interleave tests”: we instantiate two SnakeLogic objects with different&#13; board sizes and alternate between performing a step on one and a step on the other. If&#13; all is correct, the two games should progress exactly as they would if they were the only&#13; snake games being run. If this is not true, then there is likely some global state through&#13; which one game influences the other.&#13; &#13; &#13; Hence if you fail this test but you passed the other full game test, then you have some global state.&#13; Running two instances of SnakeLogic/and alternately doing steps between them results in some interference.&#13;   " type="org.scalatest.exceptions.TestFailedException">org.scalatest.exceptions.TestFailedException: didPass was false
 Hint: It should be possible to “run” multiple games simultaneously, i.e., it should not be a problem to have multiple instances of SnakeLogic which act independently. To test this, we perform “interleave tests”: we instantiate two SnakeLogic objects with different board sizes and alternate between performing a step on one and a step on the other. If all is correct, the two games should progress exactly as they would if they were the only snake games being run. If this is not true, then there is likely some global state through which one game influences the other.   Hence if you fail this test but you passed the other full game test, then you have some global state. Running two instances of SnakeLogic/and alternately doing steps between them results in some interference.   
	at app//org.scalatest.Assertions.newAssertionFailedException(Assertions.scala:530)
	at app//org.scalatest.Assertions.newAssertionFailedException$(Assertions.scala:529)
	at app//org.scalatest.FunSuite.newAssertionFailedException(FunSuite.scala:1560)
	at app//org.scalatest.Assertions$AssertionsHelper.macroAssert(Assertions.scala:503)
	at app//generic.GameTestSuite.checkInterleave(GameTestSuite.scala:303)
	at app//snake.SnakeTestSuiteBase.checkInterleave(SnakeTestSuiteBase.scala:107)
	at app//snake.basic.FullGameTests.$anonfun$new$5(FullGameTests.scala:753)
	at app//scala.runtime.java8.JFunction0$mcV$sp.apply(JFunction0$mcV$sp.scala:18)
	at app//infrastructure.TestBase.$anonfun$test$1(TestBase.scala:36)
	at app//org.scalatest.OutcomeOf.outcomeOf(OutcomeOf.scala:85)
	at app//org.scalatest.OutcomeOf.outcomeOf$(OutcomeOf.scala:83)
	at app//org.scalatest.OutcomeOf$.outcomeOf(OutcomeOf.scala:104)
	at app//org.scalatest.Transformer.apply(Transformer.scala:22)
	at app//org.scalatest.Transformer.apply(Transformer.scala:20)
	at app//org.scalatest.FunSuiteLike$$anon$1.apply(FunSuiteLike.scala:186)
	at app//org.scalatest.TestSuite.withFixture(TestSuite.scala:196)
	at app//org.scalatest.TestSuite.withFixture$(TestSuite.scala:195)
	at app//infrastructure.TestBase.org$scalatest$concurrent$TimeLimitedTests$$super$withFixture(TestBase.scala:9)
	at app//org.scalatest.concurrent.TimeLimitedTests.$anonfun$withFixture$3(TimeLimitedTests.scala:154)
	at app//org.scalatest.enablers.Timed$$anon$1.timeoutAfter(Timed.scala:127)
	at app//org.scalatest.concurrent.TimeLimits.failAfterImpl(TimeLimits.scala:239)
	at app//org.scalatest.concurrent.TimeLimits.failAfterImpl$(TimeLimits.scala:233)
	at app//org.scalatest.concurrent.TimeLimits$.failAfterImpl(TimeLimits.scala:305)
	at app//org.scalatest.concurrent.TimeLimitedTests.withFixture(TimeLimitedTests.scala:153)
	at app//org.scalatest.concurrent.TimeLimitedTests.withFixture$(TimeLimitedTests.scala:150)
	at app//infrastructure.TestBase.withFixture(TestBase.scala:9)
	at app//org.scalatest.FunSuiteLike.invokeWithFixture$1(FunSuiteLike.scala:184)
	at app//org.scalatest.FunSuiteLike.$anonfun$runTest$1(FunSuiteLike.scala:196)
	at app//org.scalatest.SuperEngine.runTestImpl(Engine.scala:286)
	at app//org.scalatest.FunSuiteLike.runTest(FunSuiteLike.scala:196)
	at app//org.scalatest.FunSuiteLike.runTest$(FunSuiteLike.scala:178)
	at app//org.scalatest.FunSuite.runTest(FunSuite.scala:1560)
	at app//org.scalatest.FunSuiteLike.$anonfun$runTests$1(FunSuiteLike.scala:229)
	at app//org.scalatest.SuperEngine.$anonfun$runTestsInBranch$1(Engine.scala:393)
	at app//scala.collection.immutable.List.foreach(List.scala:334)
	at app//org.scalatest.SuperEngine.traverseSubNodes$1(Engine.scala:381)
	at app//org.scalatest.SuperEngine.runTestsInBranch(Engine.scala:376)
	at app//org.scalatest.SuperEngine.runTestsImpl(Engine.scala:458)
	at app//org.scalatest.FunSuiteLike.runTests(FunSuiteLike.scala:229)
	at app//org.scalatest.FunSuiteLike.runTests$(FunSuiteLike.scala:228)
	at app//org.scalatest.FunSuite.runTests(FunSuite.scala:1560)
	at app//org.scalatest.Suite.run(Suite.scala:1124)
	at app//org.scalatest.Suite.run$(Suite.scala:1106)
	at app//org.scalatest.FunSuite.org$scalatest$FunSuiteLike$$super$run(FunSuite.scala:1560)
	at app//org.scalatest.FunSuiteLike.$anonfun$run$1(FunSuiteLike.scala:233)
	at app//org.scalatest.SuperEngine.runImpl(Engine.scala:518)
	at app//org.scalatest.FunSuiteLike.run(FunSuiteLike.scala:233)
	at app//org.scalatest.FunSuiteLike.run$(FunSuiteLike.scala:232)
	at app//infrastructure.TestBase.run(TestBase.scala:26)
	at app//org.scalatest.Suite.callExecuteOnSuite$1(Suite.scala:1187)
	at app//org.scalatest.Suite.$anonfun$runNestedSuites$1(Suite.scala:1234)
	at app//scala.collection.ArrayOps$.foreach$extension(ArrayOps.scala:1323)
	at app//org.scalatest.Suite.runNestedSuites(Suite.scala:1232)
	at app//org.scalatest.Suite.runNestedSuites$(Suite.scala:1166)
	at app//org.scalatest.Suites.runNestedSuites(Suites.scala:56)
	at app//org.scalatest.Suite.run(Suite.scala:1121)
	at app//org.scalatest.Suite.run$(Suite.scala:1106)
	at app//snake.SnakeTestSuite.runDirect(SnakeTestSuite.scala:24)
	at app//snake.SnakeTestSuite.run(SnakeTestSuite.scala:16)
	at app//org.scalatestplus.junit.JUnitRunner.run(JUnitRunner.scala:99)
	at org.gradle.api.internal.tasks.testing.junit.JUnitTestClassExecutor.runTestClass(JUnitTestClassExecutor.java:112)
	at org.gradle.api.internal.tasks.testing.junit.JUnitTestClassExecutor.execute(JUnitTestClassExecutor.java:58)
	at org.gradle.api.internal.tasks.testing.junit.JUnitTestClassExecutor.execute(JUnitTestClassExecutor.java:40)
	at org.gradle.api.internal.tasks.testing.junit.AbstractJUnitTestClassProcessor.processTestClass(AbstractJUnitTestClassProcessor.java:54)
	at org.gradle.api.internal.tasks.testing.SuiteTestClassProcessor.processTestClass(SuiteTestClassProcessor.java:53)
	at java.base@20.0.2/jdk.internal.reflect.DirectMethodHandleAccessor.invoke(DirectMethodHandleAccessor.java:104)
	at java.base@20.0.2/java.lang.reflect.Method.invoke(Method.java:578)
	at org.gradle.internal.dispatch.ReflectionDispatch.dispatch(ReflectionDispatch.java:36)
	at org.gradle.internal.dispatch.ReflectionDispatch.dispatch(ReflectionDispatch.java:24)
	at org.gradle.internal.dispatch.ContextClassLoaderDispatch.dispatch(ContextClassLoaderDispatch.java:33)
	at org.gradle.internal.dispatch.ProxyDispatchAdapter$DispatchingInvocationHandler.invoke(ProxyDispatchAdapter.java:92)
	at jdk.proxy1/jdk.proxy1.$Proxy4.processTestClass(Unknown Source)
	at org.gradle.api.internal.tasks.testing.worker.TestWorker$2.run(TestWorker.java:183)
	at org.gradle.api.internal.tasks.testing.worker.TestWorker.executeAndMaintainThreadName(TestWorker.java:132)
	at org.gradle.api.internal.tasks.testing.worker.TestWorker.execute(TestWorker.java:103)
	at org.gradle.api.internal.tasks.testing.worker.TestWorker.execute(TestWorker.java:63)
	at org.gradle.process.internal.worker.child.ActionExecutionWorker.execute(ActionExecutionWorker.java:56)
	at org.gradle.process.internal.worker.child.SystemApplicationClassLoaderWorker.call(SystemApplicationClassLoaderWorker.java:121)
	at org.gradle.process.internal.worker.child.SystemApplicationClassLoaderWorker.call(SystemApplicationClassLoaderWorker.java:71)
	at app//worker.org.gradle.process.internal.worker.GradleWorkerMain.run(GradleWorkerMain.java:69)
	at app//worker.org.gradle.process.internal.worker.GradleWorkerMain.main(GradleWorkerMain.java:74)
</failure>
  </testcase>
  <testcase name="testInterleave6x6and10x7" classname="snake.basic.FullGameTests" time="0.01">
    <failure message="org.scalatest.exceptions.TestFailedException: didPass was false&#10;&#13; Hint: It should be possible to “run” multiple games simultaneously, i.e., it should not&#13; be a problem to have multiple instances of SnakeLogic which act independently. To test&#13; this, we perform “interleave tests”: we instantiate two SnakeLogic objects with different&#13; board sizes and alternate between performing a step on one and a step on the other. If&#13; all is correct, the two games should progress exactly as they would if they were the only&#13; snake games being run. If this is not true, then there is likely some global state through&#13; which one game influences the other.&#13; &#13; &#13; Hence if you fail this test but you passed the other full game test, then you have some global state.&#13; Running two instances of SnakeLogic/and alternately doing steps between them results in some interference.&#13;   " type="org.scalatest.exceptions.TestFailedException">org.scalatest.exceptions.TestFailedException: didPass was false
 Hint: It should be possible to “run” multiple games simultaneously, i.e., it should not be a problem to have multiple instances of SnakeLogic which act independently. To test this, we perform “interleave tests”: we instantiate two SnakeLogic objects with different board sizes and alternate between performing a step on one and a step on the other. If all is correct, the two games should progress exactly as they would if they were the only snake games being run. If this is not true, then there is likely some global state through which one game influences the other.   Hence if you fail this test but you passed the other full game test, then you have some global state. Running two instances of SnakeLogic/and alternately doing steps between them results in some interference.   
	at app//org.scalatest.Assertions.newAssertionFailedException(Assertions.scala:530)
	at app//org.scalatest.Assertions.newAssertionFailedException$(Assertions.scala:529)
	at app//org.scalatest.FunSuite.newAssertionFailedException(FunSuite.scala:1560)
	at app//org.scalatest.Assertions$AssertionsHelper.macroAssert(Assertions.scala:503)
	at app//generic.GameTestSuite.checkInterleave(GameTestSuite.scala:303)
	at app//snake.SnakeTestSuiteBase.checkInterleave(SnakeTestSuiteBase.scala:107)
	at app//snake.basic.FullGameTests.$anonfun$new$6(FullGameTests.scala:757)
	at app//scala.runtime.java8.JFunction0$mcV$sp.apply(JFunction0$mcV$sp.scala:18)
	at app//infrastructure.TestBase.$anonfun$test$1(TestBase.scala:36)
	at app//org.scalatest.OutcomeOf.outcomeOf(OutcomeOf.scala:85)
	at app//org.scalatest.OutcomeOf.outcomeOf$(OutcomeOf.scala:83)
	at app//org.scalatest.OutcomeOf$.outcomeOf(OutcomeOf.scala:104)
	at app//org.scalatest.Transformer.apply(Transformer.scala:22)
	at app//org.scalatest.Transformer.apply(Transformer.scala:20)
	at app//org.scalatest.FunSuiteLike$$anon$1.apply(FunSuiteLike.scala:186)
	at app//org.scalatest.TestSuite.withFixture(TestSuite.scala:196)
	at app//org.scalatest.TestSuite.withFixture$(TestSuite.scala:195)
	at app//infrastructure.TestBase.org$scalatest$concurrent$TimeLimitedTests$$super$withFixture(TestBase.scala:9)
	at app//org.scalatest.concurrent.TimeLimitedTests.$anonfun$withFixture$3(TimeLimitedTests.scala:154)
	at app//org.scalatest.enablers.Timed$$anon$1.timeoutAfter(Timed.scala:127)
	at app//org.scalatest.concurrent.TimeLimits.failAfterImpl(TimeLimits.scala:239)
	at app//org.scalatest.concurrent.TimeLimits.failAfterImpl$(TimeLimits.scala:233)
	at app//org.scalatest.concurrent.TimeLimits$.failAfterImpl(TimeLimits.scala:305)
	at app//org.scalatest.concurrent.TimeLimitedTests.withFixture(TimeLimitedTests.scala:153)
	at app//org.scalatest.concurrent.TimeLimitedTests.withFixture$(TimeLimitedTests.scala:150)
	at app//infrastructure.TestBase.withFixture(TestBase.scala:9)
	at app//org.scalatest.FunSuiteLike.invokeWithFixture$1(FunSuiteLike.scala:184)
	at app//org.scalatest.FunSuiteLike.$anonfun$runTest$1(FunSuiteLike.scala:196)
	at app//org.scalatest.SuperEngine.runTestImpl(Engine.scala:286)
	at app//org.scalatest.FunSuiteLike.runTest(FunSuiteLike.scala:196)
	at app//org.scalatest.FunSuiteLike.runTest$(FunSuiteLike.scala:178)
	at app//org.scalatest.FunSuite.runTest(FunSuite.scala:1560)
	at app//org.scalatest.FunSuiteLike.$anonfun$runTests$1(FunSuiteLike.scala:229)
	at app//org.scalatest.SuperEngine.$anonfun$runTestsInBranch$1(Engine.scala:393)
	at app//scala.collection.immutable.List.foreach(List.scala:334)
	at app//org.scalatest.SuperEngine.traverseSubNodes$1(Engine.scala:381)
	at app//org.scalatest.SuperEngine.runTestsInBranch(Engine.scala:376)
	at app//org.scalatest.SuperEngine.runTestsImpl(Engine.scala:458)
	at app//org.scalatest.FunSuiteLike.runTests(FunSuiteLike.scala:229)
	at app//org.scalatest.FunSuiteLike.runTests$(FunSuiteLike.scala:228)
	at app//org.scalatest.FunSuite.runTests(FunSuite.scala:1560)
	at app//org.scalatest.Suite.run(Suite.scala:1124)
	at app//org.scalatest.Suite.run$(Suite.scala:1106)
	at app//org.scalatest.FunSuite.org$scalatest$FunSuiteLike$$super$run(FunSuite.scala:1560)
	at app//org.scalatest.FunSuiteLike.$anonfun$run$1(FunSuiteLike.scala:233)
	at app//org.scalatest.SuperEngine.runImpl(Engine.scala:518)
	at app//org.scalatest.FunSuiteLike.run(FunSuiteLike.scala:233)
	at app//org.scalatest.FunSuiteLike.run$(FunSuiteLike.scala:232)
	at app//infrastructure.TestBase.run(TestBase.scala:26)
	at app//org.scalatest.Suite.callExecuteOnSuite$1(Suite.scala:1187)
	at app//org.scalatest.Suite.$anonfun$runNestedSuites$1(Suite.scala:1234)
	at app//scala.collection.ArrayOps$.foreach$extension(ArrayOps.scala:1323)
	at app//org.scalatest.Suite.runNestedSuites(Suite.scala:1232)
	at app//org.scalatest.Suite.runNestedSuites$(Suite.scala:1166)
	at app//org.scalatest.Suites.runNestedSuites(Suites.scala:56)
	at app//org.scalatest.Suite.run(Suite.scala:1121)
	at app//org.scalatest.Suite.run$(Suite.scala:1106)
	at app//snake.SnakeTestSuite.runDirect(SnakeTestSuite.scala:24)
	at app//snake.SnakeTestSuite.run(SnakeTestSuite.scala:16)
	at app//org.scalatestplus.junit.JUnitRunner.run(JUnitRunner.scala:99)
	at org.gradle.api.internal.tasks.testing.junit.JUnitTestClassExecutor.runTestClass(JUnitTestClassExecutor.java:112)
	at org.gradle.api.internal.tasks.testing.junit.JUnitTestClassExecutor.execute(JUnitTestClassExecutor.java:58)
	at org.gradle.api.internal.tasks.testing.junit.JUnitTestClassExecutor.execute(JUnitTestClassExecutor.java:40)
	at org.gradle.api.internal.tasks.testing.junit.AbstractJUnitTestClassProcessor.processTestClass(AbstractJUnitTestClassProcessor.java:54)
	at org.gradle.api.internal.tasks.testing.SuiteTestClassProcessor.processTestClass(SuiteTestClassProcessor.java:53)
	at java.base@20.0.2/jdk.internal.reflect.DirectMethodHandleAccessor.invoke(DirectMethodHandleAccessor.java:104)
	at java.base@20.0.2/java.lang.reflect.Method.invoke(Method.java:578)
	at org.gradle.internal.dispatch.ReflectionDispatch.dispatch(ReflectionDispatch.java:36)
	at org.gradle.internal.dispatch.ReflectionDispatch.dispatch(ReflectionDispatch.java:24)
	at org.gradle.internal.dispatch.ContextClassLoaderDispatch.dispatch(ContextClassLoaderDispatch.java:33)
	at org.gradle.internal.dispatch.ProxyDispatchAdapter$DispatchingInvocationHandler.invoke(ProxyDispatchAdapter.java:92)
	at jdk.proxy1/jdk.proxy1.$Proxy4.processTestClass(Unknown Source)
	at org.gradle.api.internal.tasks.testing.worker.TestWorker$2.run(TestWorker.java:183)
	at org.gradle.api.internal.tasks.testing.worker.TestWorker.executeAndMaintainThreadName(TestWorker.java:132)
	at org.gradle.api.internal.tasks.testing.worker.TestWorker.execute(TestWorker.java:103)
	at org.gradle.api.internal.tasks.testing.worker.TestWorker.execute(TestWorker.java:63)
	at org.gradle.process.internal.worker.child.ActionExecutionWorker.execute(ActionExecutionWorker.java:56)
	at org.gradle.process.internal.worker.child.SystemApplicationClassLoaderWorker.call(SystemApplicationClassLoaderWorker.java:121)
	at org.gradle.process.internal.worker.child.SystemApplicationClassLoaderWorker.call(SystemApplicationClassLoaderWorker.java:71)
	at app//worker.org.gradle.process.internal.worker.GradleWorkerMain.run(GradleWorkerMain.java:69)
	at app//worker.org.gradle.process.internal.worker.GradleWorkerMain.main(GradleWorkerMain.java:74)
</failure>
  </testcase>
  <testcase name="testInterleave6x3and6x6" classname="snake.basic.FullGameTests" time="0.012">
    <failure message="org.scalatest.exceptions.TestFailedException: didPass was false&#10;&#13; Hint: It should be possible to “run” multiple games simultaneously, i.e., it should not&#13; be a problem to have multiple instances of SnakeLogic which act independently. To test&#13; this, we perform “interleave tests”: we instantiate two SnakeLogic objects with different&#13; board sizes and alternate between performing a step on one and a step on the other. If&#13; all is correct, the two games should progress exactly as they would if they were the only&#13; snake games being run. If this is not true, then there is likely some global state through&#13; which one game influences the other.&#13; &#13; &#13; Hence if you fail this test but you passed the other full game test, then you have some global state.&#13; Running two instances of SnakeLogic/and alternately doing steps between them results in some interference.&#13;   " type="org.scalatest.exceptions.TestFailedException">org.scalatest.exceptions.TestFailedException: didPass was false
 Hint: It should be possible to “run” multiple games simultaneously, i.e., it should not be a problem to have multiple instances of SnakeLogic which act independently. To test this, we perform “interleave tests”: we instantiate two SnakeLogic objects with different board sizes and alternate between performing a step on one and a step on the other. If all is correct, the two games should progress exactly as they would if they were the only snake games being run. If this is not true, then there is likely some global state through which one game influences the other.   Hence if you fail this test but you passed the other full game test, then you have some global state. Running two instances of SnakeLogic/and alternately doing steps between them results in some interference.   
	at app//org.scalatest.Assertions.newAssertionFailedException(Assertions.scala:530)
	at app//org.scalatest.Assertions.newAssertionFailedException$(Assertions.scala:529)
	at app//org.scalatest.FunSuite.newAssertionFailedException(FunSuite.scala:1560)
	at app//org.scalatest.Assertions$AssertionsHelper.macroAssert(Assertions.scala:503)
	at app//generic.GameTestSuite.checkInterleave(GameTestSuite.scala:303)
	at app//snake.SnakeTestSuiteBase.checkInterleave(SnakeTestSuiteBase.scala:107)
	at app//snake.basic.FullGameTests.$anonfun$new$7(FullGameTests.scala:762)
	at app//scala.runtime.java8.JFunction0$mcV$sp.apply(JFunction0$mcV$sp.scala:18)
	at app//infrastructure.TestBase.$anonfun$test$1(TestBase.scala:36)
	at app//org.scalatest.OutcomeOf.outcomeOf(OutcomeOf.scala:85)
	at app//org.scalatest.OutcomeOf.outcomeOf$(OutcomeOf.scala:83)
	at app//org.scalatest.OutcomeOf$.outcomeOf(OutcomeOf.scala:104)
	at app//org.scalatest.Transformer.apply(Transformer.scala:22)
	at app//org.scalatest.Transformer.apply(Transformer.scala:20)
	at app//org.scalatest.FunSuiteLike$$anon$1.apply(FunSuiteLike.scala:186)
	at app//org.scalatest.TestSuite.withFixture(TestSuite.scala:196)
	at app//org.scalatest.TestSuite.withFixture$(TestSuite.scala:195)
	at app//infrastructure.TestBase.org$scalatest$concurrent$TimeLimitedTests$$super$withFixture(TestBase.scala:9)
	at app//org.scalatest.concurrent.TimeLimitedTests.$anonfun$withFixture$3(TimeLimitedTests.scala:154)
	at app//org.scalatest.enablers.Timed$$anon$1.timeoutAfter(Timed.scala:127)
	at app//org.scalatest.concurrent.TimeLimits.failAfterImpl(TimeLimits.scala:239)
	at app//org.scalatest.concurrent.TimeLimits.failAfterImpl$(TimeLimits.scala:233)
	at app//org.scalatest.concurrent.TimeLimits$.failAfterImpl(TimeLimits.scala:305)
	at app//org.scalatest.concurrent.TimeLimitedTests.withFixture(TimeLimitedTests.scala:153)
	at app//org.scalatest.concurrent.TimeLimitedTests.withFixture$(TimeLimitedTests.scala:150)
	at app//infrastructure.TestBase.withFixture(TestBase.scala:9)
	at app//org.scalatest.FunSuiteLike.invokeWithFixture$1(FunSuiteLike.scala:184)
	at app//org.scalatest.FunSuiteLike.$anonfun$runTest$1(FunSuiteLike.scala:196)
	at app//org.scalatest.SuperEngine.runTestImpl(Engine.scala:286)
	at app//org.scalatest.FunSuiteLike.runTest(FunSuiteLike.scala:196)
	at app//org.scalatest.FunSuiteLike.runTest$(FunSuiteLike.scala:178)
	at app//org.scalatest.FunSuite.runTest(FunSuite.scala:1560)
	at app//org.scalatest.FunSuiteLike.$anonfun$runTests$1(FunSuiteLike.scala:229)
	at app//org.scalatest.SuperEngine.$anonfun$runTestsInBranch$1(Engine.scala:393)
	at app//scala.collection.immutable.List.foreach(List.scala:334)
	at app//org.scalatest.SuperEngine.traverseSubNodes$1(Engine.scala:381)
	at app//org.scalatest.SuperEngine.runTestsInBranch(Engine.scala:376)
	at app//org.scalatest.SuperEngine.runTestsImpl(Engine.scala:458)
	at app//org.scalatest.FunSuiteLike.runTests(FunSuiteLike.scala:229)
	at app//org.scalatest.FunSuiteLike.runTests$(FunSuiteLike.scala:228)
	at app//org.scalatest.FunSuite.runTests(FunSuite.scala:1560)
	at app//org.scalatest.Suite.run(Suite.scala:1124)
	at app//org.scalatest.Suite.run$(Suite.scala:1106)
	at app//org.scalatest.FunSuite.org$scalatest$FunSuiteLike$$super$run(FunSuite.scala:1560)
	at app//org.scalatest.FunSuiteLike.$anonfun$run$1(FunSuiteLike.scala:233)
	at app//org.scalatest.SuperEngine.runImpl(Engine.scala:518)
	at app//org.scalatest.FunSuiteLike.run(FunSuiteLike.scala:233)
	at app//org.scalatest.FunSuiteLike.run$(FunSuiteLike.scala:232)
	at app//infrastructure.TestBase.run(TestBase.scala:26)
	at app//org.scalatest.Suite.callExecuteOnSuite$1(Suite.scala:1187)
	at app//org.scalatest.Suite.$anonfun$runNestedSuites$1(Suite.scala:1234)
	at app//scala.collection.ArrayOps$.foreach$extension(ArrayOps.scala:1323)
	at app//org.scalatest.Suite.runNestedSuites(Suite.scala:1232)
	at app//org.scalatest.Suite.runNestedSuites$(Suite.scala:1166)
	at app//org.scalatest.Suites.runNestedSuites(Suites.scala:56)
	at app//org.scalatest.Suite.run(Suite.scala:1121)
	at app//org.scalatest.Suite.run$(Suite.scala:1106)
	at app//snake.SnakeTestSuite.runDirect(SnakeTestSuite.scala:24)
	at app//snake.SnakeTestSuite.run(SnakeTestSuite.scala:16)
	at app//org.scalatestplus.junit.JUnitRunner.run(JUnitRunner.scala:99)
	at org.gradle.api.internal.tasks.testing.junit.JUnitTestClassExecutor.runTestClass(JUnitTestClassExecutor.java:112)
	at org.gradle.api.internal.tasks.testing.junit.JUnitTestClassExecutor.execute(JUnitTestClassExecutor.java:58)
	at org.gradle.api.internal.tasks.testing.junit.JUnitTestClassExecutor.execute(JUnitTestClassExecutor.java:40)
	at org.gradle.api.internal.tasks.testing.junit.AbstractJUnitTestClassProcessor.processTestClass(AbstractJUnitTestClassProcessor.java:54)
	at org.gradle.api.internal.tasks.testing.SuiteTestClassProcessor.processTestClass(SuiteTestClassProcessor.java:53)
	at java.base@20.0.2/jdk.internal.reflect.DirectMethodHandleAccessor.invoke(DirectMethodHandleAccessor.java:104)
	at java.base@20.0.2/java.lang.reflect.Method.invoke(Method.java:578)
	at org.gradle.internal.dispatch.ReflectionDispatch.dispatch(ReflectionDispatch.java:36)
	at org.gradle.internal.dispatch.ReflectionDispatch.dispatch(ReflectionDispatch.java:24)
	at org.gradle.internal.dispatch.ContextClassLoaderDispatch.dispatch(ContextClassLoaderDispatch.java:33)
	at org.gradle.internal.dispatch.ProxyDispatchAdapter$DispatchingInvocationHandler.invoke(ProxyDispatchAdapter.java:92)
	at jdk.proxy1/jdk.proxy1.$Proxy4.processTestClass(Unknown Source)
	at org.gradle.api.internal.tasks.testing.worker.TestWorker$2.run(TestWorker.java:183)
	at org.gradle.api.internal.tasks.testing.worker.TestWorker.executeAndMaintainThreadName(TestWorker.java:132)
	at org.gradle.api.internal.tasks.testing.worker.TestWorker.execute(TestWorker.java:103)
	at org.gradle.api.internal.tasks.testing.worker.TestWorker.execute(TestWorker.java:63)
	at org.gradle.process.internal.worker.child.ActionExecutionWorker.execute(ActionExecutionWorker.java:56)
	at org.gradle.process.internal.worker.child.SystemApplicationClassLoaderWorker.call(SystemApplicationClassLoaderWorker.java:121)
	at org.gradle.process.internal.worker.child.SystemApplicationClassLoaderWorker.call(SystemApplicationClassLoaderWorker.java:71)
	at app//worker.org.gradle.process.internal.worker.GradleWorkerMain.run(GradleWorkerMain.java:69)
	at app//worker.org.gradle.process.internal.worker.GradleWorkerMain.main(GradleWorkerMain.java:74)
</failure>
  </testcase>
  <system-out><![CDATA[]]></system-out>
  <system-err><![CDATA[]]></system-err>
</testsuite>
