<!DOCTYPE html>
<html>
<head>
<meta http-equiv="Content-Type" content="text/html; charset=utf-8"/>
<meta http-equiv="x-ua-compatible" content="IE=edge"/>
<title>Test results - Class snake.basic.PlacementTests</title>
<link href="../css/base-style.css" rel="stylesheet" type="text/css"/>
<link href="../css/style.css" rel="stylesheet" type="text/css"/>
<script src="../js/report.js" type="text/javascript"></script>
</head>
<body>
<div id="content">
<h1>Class snake.basic.PlacementTests</h1>
<div class="breadcrumbs">
<a href="../index.html">all</a> &gt; 
<a href="../packages/snake.basic.html">snake.basic</a> &gt; PlacementTests</div>
<div id="summary">
<table>
<tr>
<td>
<div class="summaryGroup">
<table>
<tr>
<td>
<div class="infoBox" id="tests">
<div class="counter">4</div>
<p>tests</p>
</div>
</td>
<td>
<div class="infoBox" id="failures">
<div class="counter">1</div>
<p>failures</p>
</div>
</td>
<td>
<div class="infoBox" id="ignored">
<div class="counter">0</div>
<p>ignored</p>
</div>
</td>
<td>
<div class="infoBox" id="duration">
<div class="counter">0.192s</div>
<p>duration</p>
</div>
</td>
</tr>
</table>
</div>
</td>
<td>
<div class="infoBox failures" id="successRate">
<div class="percent">75%</div>
<p>successful</p>
</div>
</td>
</tr>
</table>
</div>
<div id="tabs">
<ul class="tabLinks">
<li>
<a href="#tab0">Failed tests</a>
</li>
<li>
<a href="#tab1">Tests</a>
</li>
</ul>
<div id="tab0" class="tab">
<h2>Failed tests</h2>
<div class="test">
<a name="testNoRoomForApple"></a>
<h3 class="failures">testNoRoomForApple</h3>
<span class="code">
<pre>org.scalatest.exceptions.TestFailedException: didPass was false
Hint: No apple should be placed if the entire playing field is filled with the snake body.
--------------------------------------------------------------------------------
This is what went wrong:

step=0, rand=2, actions=&lt;&gt;
Want   | Got ✓ 
---------------
OO&gt;..A | OO&gt;..A

step=1, rand=2, actions=&lt;Step&gt;
Want   | Got ✓ 
---------------
.OO&gt;.A | .OO&gt;.A

step=2, rand=2, actions=&lt;Step&gt;
Want   | Got ✓ 
---------------
..OO&gt;A | ..OO&gt;A

step=3, rand=2, actions=&lt;Step&gt;
Want   | Got ✓ 
---------------
..AOO&gt; | ..AOO&gt;

step=4, rand=2, actions=&lt;Step&gt;
Want   | Got ✓ 
---------------
&gt;.AOOO | &gt;.AOOO

step=5, rand=2, actions=&lt;Step&gt;
Want   | Got ✓ 
---------------
O&gt;AOOO | O&gt;AOOO

step=6, rand=2, actions=&lt;Step&gt;
Want   | Got ✗                                                                                                                                     
---------------------------------------------------------------------------------------------------------------------------------------------------
OO&gt;OOO | LogicFailed(java.lang.ArithmeticException: / by zero                                                                                     
       | 	at generic.TestRandomGen.randomInt(TestRandomGen.scala:17)                                                                              
       | 	at snake.logic.GameLogic.changeApplePoint(GameLogic.scala:128)                                                                          
       | 	at snake.logic.GameLogic.step(GameLogic.scala:89)                                                                                       
       | 	at snake.SnakeLogicWrapper.performAction(SnakeTestSuiteBase.scala:51)                                                                   
       | 	at snake.SnakeLogicWrapper.performAction(SnakeTestSuiteBase.scala:46)                                                                   
       | 	at generic.GameTestSuite.$anonfun$performActionsAndGetDisplay$1(GameTestSuite.scala:150)                                                
       | 	at generic.GameTestSuite.$anonfun$performActionsAndGetDisplay$1$adapted(GameTestSuite.scala:150)                                        
       | 	at scala.collection.immutable.List.foreach(List.scala:334)                                                                              
       | 	at generic.GameTestSuite.performActionsAndGetDisplay(GameTestSuite.scala:150)                                                           
       | 	at generic.GameTestSuite$TestRecording.$anonfun$implementationDisplays$2(GameTestSuite.scala:197)                                       
       | 	at generic.GameTestSuite$TestRecording.catchLogicError$1(GameTestSuite.scala:182)                                                       
       | 	at generic.GameTestSuite$TestRecording.liftedTree1$1(GameTestSuite.scala:197)                                                           
       | 	at generic.GameTestSuite$TestRecording.implementationDisplays$lzycompute(GameTestSuite.scala:187)                                       
       | 	at generic.GameTestSuite$TestRecording.implementationDisplays(GameTestSuite.scala:178)                                                  
       | 	at generic.GameTestSuite$TestRecording.passes$lzycompute(GameTestSuite.scala:208)                                                       
       | 	at generic.GameTestSuite$TestRecording.passes(GameTestSuite.scala:207)                                                                  
       | 	at generic.GameTestSuite.checkGame(GameTestSuite.scala:290)                                                                             
       | 	at snake.SnakeTestSuiteBase.checkGame(SnakeTestSuiteBase.scala:102)                                                                     
       | 	at snake.basic.PlacementTests.$anonfun$new$4(PlacementTests.scala:64)                                                                   
       | 	at scala.runtime.java8.JFunction0$mcV$sp.apply(JFunction0$mcV$sp.scala:18)                                                              
       | 	at infrastructure.TestBase.$anonfun$test$1(TestBase.scala:36)                                                                           
       | 	at org.scalatest.OutcomeOf.outcomeOf(OutcomeOf.scala:85)                                                                                
       | 	at org.scalatest.OutcomeOf.outcomeOf$(OutcomeOf.scala:83)                                                                               
       | 	at org.scalatest.OutcomeOf$.outcomeOf(OutcomeOf.scala:104)                                                                              
       | 	at org.scalatest.Transformer.apply(Transformer.scala:22)                                                                                
       | 	at org.scalatest.Transformer.apply(Transformer.scala:20)                                                                                
       | 	at org.scalatest.FunSuiteLike$$anon$1.apply(FunSuiteLike.scala:186)                                                                     
       | 	at org.scalatest.TestSuite.withFixture(TestSuite.scala:196)                                                                             
       | 	at org.scalatest.TestSuite.withFixture$(TestSuite.scala:195)                                                                            
       | 	at infrastructure.TestBase.org$scalatest$concurrent$TimeLimitedTests$$super$withFixture(TestBase.scala:9)                               
       | 	at org.scalatest.concurrent.TimeLimitedTests.$anonfun$withFixture$3(TimeLimitedTests.scala:154)                                         
       | 	at org.scalatest.enablers.Timed$$anon$1.timeoutAfter(Timed.scala:127)                                                                   
       | 	at org.scalatest.concurrent.TimeLimits.failAfterImpl(TimeLimits.scala:239)                                                              
       | 	at org.scalatest.concurrent.TimeLimits.failAfterImpl$(TimeLimits.scala:233)                                                             
       | 	at org.scalatest.concurrent.TimeLimits$.failAfterImpl(TimeLimits.scala:305)                                                             
       | 	at org.scalatest.concurrent.TimeLimitedTests.withFixture(TimeLimitedTests.scala:153)                                                    
       | 	at org.scalatest.concurrent.TimeLimitedTests.withFixture$(TimeLimitedTests.scala:150)                                                   
       | 	at infrastructure.TestBase.withFixture(TestBase.scala:9)                                                                                
       | 	at org.scalatest.FunSuiteLike.invokeWithFixture$1(FunSuiteLike.scala:184)                                                               
       | 	at org.scalatest.FunSuiteLike.$anonfun$runTest$1(FunSuiteLike.scala:196)                                                                
       | 	at org.scalatest.SuperEngine.runTestImpl(Engine.scala:286)                                                                              
       | 	at org.scalatest.FunSuiteLike.runTest(FunSuiteLike.scala:196)                                                                           
       | 	at org.scalatest.FunSuiteLike.runTest$(FunSuiteLike.scala:178)                                                                          
       | 	at org.scalatest.FunSuite.runTest(FunSuite.scala:1560)                                                                                  
       | 	at org.scalatest.FunSuiteLike.$anonfun$runTests$1(FunSuiteLike.scala:229)                                                               
       | 	at org.scalatest.SuperEngine.$anonfun$runTestsInBranch$1(Engine.scala:393)                                                              
       | 	at scala.collection.immutable.List.foreach(List.scala:334)                                                                              
       | 	at org.scalatest.SuperEngine.traverseSubNodes$1(Engine.scala:381)                                                                       
       | 	at org.scalatest.SuperEngine.runTestsInBranch(Engine.scala:376)                                                                         
       | 	at org.scalatest.SuperEngine.runTestsImpl(Engine.scala:458)                                                                             
       | 	at org.scalatest.FunSuiteLike.runTests(FunSuiteLike.scala:229)                                                                          
       | 	at org.scalatest.FunSuiteLike.runTests$(FunSuiteLike.scala:228)                                                                         
       | 	at org.scalatest.FunSuite.runTests(FunSuite.scala:1560)                                                                                 
       | 	at org.scalatest.Suite.run(Suite.scala:1124)                                                                                            
       | 	at org.scalatest.Suite.run$(Suite.scala:1106)                                                                                           
       | 	at org.scalatest.FunSuite.org$scalatest$FunSuiteLike$$super$run(FunSuite.scala:1560)                                                    
       | 	at org.scalatest.FunSuiteLike.$anonfun$run$1(FunSuiteLike.scala:233)                                                                    
       | 	at org.scalatest.SuperEngine.runImpl(Engine.scala:518)                                                                                  
       | 	at org.scalatest.FunSuiteLike.run(FunSuiteLike.scala:233)                                                                               
       | 	at org.scalatest.FunSuiteLike.run$(FunSuiteLike.scala:232)                                                                              
       | 	at infrastructure.TestBase.run(TestBase.scala:26)                                                                                       
       | 	at org.scalatest.Suite.callExecuteOnSuite$1(Suite.scala:1187)                                                                           
       | 	at org.scalatest.Suite.$anonfun$runNestedSuites$1(Suite.scala:1234)                                                                     
       | 	at scala.collection.ArrayOps$.foreach$extension(ArrayOps.scala:1323)                                                                    
       | 	at org.scalatest.Suite.runNestedSuites(Suite.scala:1232)                                                                                
       | 	at org.scalatest.Suite.runNestedSuites$(Suite.scala:1166)                                                                               
       | 	at org.scalatest.Suites.runNestedSuites(Suites.scala:56)                                                                                
       | 	at org.scalatest.Suite.run(Suite.scala:1121)                                                                                            
       | 	at org.scalatest.Suite.run$(Suite.scala:1106)                                                                                           
       | 	at snake.SnakeTestSuite.runDirect(SnakeTestSuite.scala:24)                                                                              
       | 	at snake.SnakeTestSuite.run(SnakeTestSuite.scala:16)                                                                                    
       | 	at org.scalatestplus.junit.JUnitRunner.run(JUnitRunner.scala:99)                                                                        
       | 	at org.gradle.api.internal.tasks.testing.junit.JUnitTestClassExecutor.runTestClass(JUnitTestClassExecutor.java:112)                     
       | 	at org.gradle.api.internal.tasks.testing.junit.JUnitTestClassExecutor.execute(JUnitTestClassExecutor.java:58)                           
       | 	at org.gradle.api.internal.tasks.testing.junit.JUnitTestClassExecutor.execute(JUnitTestClassExecutor.java:40)                           
       | 	at org.gradle.api.internal.tasks.testing.junit.AbstractJUnitTestClassProcessor.processTestClass(AbstractJUnitTestClassProcessor.java:54)
       | 	at org.gradle.api.internal.tasks.testing.SuiteTestClassProcessor.processTestClass(SuiteTestClassProcessor.java:53)                      
       | 	at java.base/jdk.internal.reflect.DirectMethodHandleAccessor.invoke(DirectMethodHandleAccessor.java:104)                                
       | 	at java.base/java.lang.reflect.Method.invoke(Method.java:578)                                                                           
       | 	at org.gradle.internal.dispatch.ReflectionDispatch.dispatch(ReflectionDispatch.java:36)                                                 
       | 	at org.gradle.internal.dispatch.ReflectionDispatch.dispatch(ReflectionDispatch.java:24)                                                 
       | 	at org.gradle.internal.dispatch.ContextClassLoaderDispatch.dispatch(ContextClassLoaderDispatch.java:33)                                 
       | 	at org.gradle.internal.dispatch.ProxyDispatchAdapter$DispatchingInvocationHandler.invoke(ProxyDispatchAdapter.java:92)                  
       | 	at jdk.proxy1/jdk.proxy1.$Proxy4.processTestClass(Unknown Source)                                                                       
       | 	at org.gradle.api.internal.tasks.testing.worker.TestWorker$2.run(TestWorker.java:183)                                                   
       | 	at org.gradle.api.internal.tasks.testing.worker.TestWorker.executeAndMaintainThreadName(TestWorker.java:132)                            
       | 	at org.gradle.api.internal.tasks.testing.worker.TestWorker.execute(TestWorker.java:103)                                                 
       | 	at org.gradle.api.internal.tasks.testing.worker.TestWorker.execute(TestWorker.java:63)                                                  
       | 	at org.gradle.process.internal.worker.child.ActionExecutionWorker.execute(ActionExecutionWorker.java:56)                                
       | 	at org.gradle.process.internal.worker.child.SystemApplicationClassLoaderWorker.call(SystemApplicationClassLoaderWorker.java:121)        
       | 	at org.gradle.process.internal.worker.child.SystemApplicationClassLoaderWorker.call(SystemApplicationClassLoaderWorker.java:71)         
       | 	at worker.org.gradle.process.internal.worker.GradleWorkerMain.run(GradleWorkerMain.java:69)                                             
       | 	at worker.org.gradle.process.internal.worker.GradleWorkerMain.main(GradleWorkerMain.java:74)                                            
       | )                                                                                                                                         


	at app//org.scalatest.Assertions.newAssertionFailedException(Assertions.scala:530)
	at app//org.scalatest.Assertions.newAssertionFailedException$(Assertions.scala:529)
	at app//org.scalatest.FunSuite.newAssertionFailedException(FunSuite.scala:1560)
	at app//org.scalatest.Assertions$AssertionsHelper.macroAssert(Assertions.scala:503)
	at app//generic.GameTestSuite.checkGame(GameTestSuite.scala:298)
	at app//snake.SnakeTestSuiteBase.checkGame(SnakeTestSuiteBase.scala:102)
	at app//snake.basic.PlacementTests.$anonfun$new$4(PlacementTests.scala:64)
	at app//scala.runtime.java8.JFunction0$mcV$sp.apply(JFunction0$mcV$sp.scala:18)
	at app//infrastructure.TestBase.$anonfun$test$1(TestBase.scala:36)
	at app//org.scalatest.OutcomeOf.outcomeOf(OutcomeOf.scala:85)
	at app//org.scalatest.OutcomeOf.outcomeOf$(OutcomeOf.scala:83)
	at app//org.scalatest.OutcomeOf$.outcomeOf(OutcomeOf.scala:104)
	at app//org.scalatest.Transformer.apply(Transformer.scala:22)
	at app//org.scalatest.Transformer.apply(Transformer.scala:20)
	at app//org.scalatest.FunSuiteLike$$anon$1.apply(FunSuiteLike.scala:186)
	at app//org.scalatest.TestSuite.withFixture(TestSuite.scala:196)
	at app//org.scalatest.TestSuite.withFixture$(TestSuite.scala:195)
	at app//infrastructure.TestBase.org$scalatest$concurrent$TimeLimitedTests$$super$withFixture(TestBase.scala:9)
	at app//org.scalatest.concurrent.TimeLimitedTests.$anonfun$withFixture$3(TimeLimitedTests.scala:154)
	at app//org.scalatest.enablers.Timed$$anon$1.timeoutAfter(Timed.scala:127)
	at app//org.scalatest.concurrent.TimeLimits.failAfterImpl(TimeLimits.scala:239)
	at app//org.scalatest.concurrent.TimeLimits.failAfterImpl$(TimeLimits.scala:233)
	at app//org.scalatest.concurrent.TimeLimits$.failAfterImpl(TimeLimits.scala:305)
	at app//org.scalatest.concurrent.TimeLimitedTests.withFixture(TimeLimitedTests.scala:153)
	at app//org.scalatest.concurrent.TimeLimitedTests.withFixture$(TimeLimitedTests.scala:150)
	at app//infrastructure.TestBase.withFixture(TestBase.scala:9)
	at app//org.scalatest.FunSuiteLike.invokeWithFixture$1(FunSuiteLike.scala:184)
	at app//org.scalatest.FunSuiteLike.$anonfun$runTest$1(FunSuiteLike.scala:196)
	at app//org.scalatest.SuperEngine.runTestImpl(Engine.scala:286)
	at app//org.scalatest.FunSuiteLike.runTest(FunSuiteLike.scala:196)
	at app//org.scalatest.FunSuiteLike.runTest$(FunSuiteLike.scala:178)
	at app//org.scalatest.FunSuite.runTest(FunSuite.scala:1560)
	at app//org.scalatest.FunSuiteLike.$anonfun$runTests$1(FunSuiteLike.scala:229)
	at app//org.scalatest.SuperEngine.$anonfun$runTestsInBranch$1(Engine.scala:393)
	at app//scala.collection.immutable.List.foreach(List.scala:334)
	at app//org.scalatest.SuperEngine.traverseSubNodes$1(Engine.scala:381)
	at app//org.scalatest.SuperEngine.runTestsInBranch(Engine.scala:376)
	at app//org.scalatest.SuperEngine.runTestsImpl(Engine.scala:458)
	at app//org.scalatest.FunSuiteLike.runTests(FunSuiteLike.scala:229)
	at app//org.scalatest.FunSuiteLike.runTests$(FunSuiteLike.scala:228)
	at app//org.scalatest.FunSuite.runTests(FunSuite.scala:1560)
	at app//org.scalatest.Suite.run(Suite.scala:1124)
	at app//org.scalatest.Suite.run$(Suite.scala:1106)
	at app//org.scalatest.FunSuite.org$scalatest$FunSuiteLike$$super$run(FunSuite.scala:1560)
	at app//org.scalatest.FunSuiteLike.$anonfun$run$1(FunSuiteLike.scala:233)
	at app//org.scalatest.SuperEngine.runImpl(Engine.scala:518)
	at app//org.scalatest.FunSuiteLike.run(FunSuiteLike.scala:233)
	at app//org.scalatest.FunSuiteLike.run$(FunSuiteLike.scala:232)
	at app//infrastructure.TestBase.run(TestBase.scala:26)
	at app//org.scalatest.Suite.callExecuteOnSuite$1(Suite.scala:1187)
	at app//org.scalatest.Suite.$anonfun$runNestedSuites$1(Suite.scala:1234)
	at app//scala.collection.ArrayOps$.foreach$extension(ArrayOps.scala:1323)
	at app//org.scalatest.Suite.runNestedSuites(Suite.scala:1232)
	at app//org.scalatest.Suite.runNestedSuites$(Suite.scala:1166)
	at app//org.scalatest.Suites.runNestedSuites(Suites.scala:56)
	at app//org.scalatest.Suite.run(Suite.scala:1121)
	at app//org.scalatest.Suite.run$(Suite.scala:1106)
	at app//snake.SnakeTestSuite.runDirect(SnakeTestSuite.scala:24)
	at app//snake.SnakeTestSuite.run(SnakeTestSuite.scala:16)
	at app//org.scalatestplus.junit.JUnitRunner.run(JUnitRunner.scala:99)
	at org.gradle.api.internal.tasks.testing.junit.JUnitTestClassExecutor.runTestClass(JUnitTestClassExecutor.java:112)
	at org.gradle.api.internal.tasks.testing.junit.JUnitTestClassExecutor.execute(JUnitTestClassExecutor.java:58)
	at org.gradle.api.internal.tasks.testing.junit.JUnitTestClassExecutor.execute(JUnitTestClassExecutor.java:40)
	at org.gradle.api.internal.tasks.testing.junit.AbstractJUnitTestClassProcessor.processTestClass(AbstractJUnitTestClassProcessor.java:54)
	at org.gradle.api.internal.tasks.testing.SuiteTestClassProcessor.processTestClass(SuiteTestClassProcessor.java:53)
	at java.base@20.0.2/jdk.internal.reflect.DirectMethodHandleAccessor.invoke(DirectMethodHandleAccessor.java:104)
	at java.base@20.0.2/java.lang.reflect.Method.invoke(Method.java:578)
	at org.gradle.internal.dispatch.ReflectionDispatch.dispatch(ReflectionDispatch.java:36)
	at org.gradle.internal.dispatch.ReflectionDispatch.dispatch(ReflectionDispatch.java:24)
	at org.gradle.internal.dispatch.ContextClassLoaderDispatch.dispatch(ContextClassLoaderDispatch.java:33)
	at org.gradle.internal.dispatch.ProxyDispatchAdapter$DispatchingInvocationHandler.invoke(ProxyDispatchAdapter.java:92)
	at jdk.proxy1/jdk.proxy1.$Proxy4.processTestClass(Unknown Source)
	at org.gradle.api.internal.tasks.testing.worker.TestWorker$2.run(TestWorker.java:183)
	at org.gradle.api.internal.tasks.testing.worker.TestWorker.executeAndMaintainThreadName(TestWorker.java:132)
	at org.gradle.api.internal.tasks.testing.worker.TestWorker.execute(TestWorker.java:103)
	at org.gradle.api.internal.tasks.testing.worker.TestWorker.execute(TestWorker.java:63)
	at org.gradle.process.internal.worker.child.ActionExecutionWorker.execute(ActionExecutionWorker.java:56)
	at org.gradle.process.internal.worker.child.SystemApplicationClassLoaderWorker.call(SystemApplicationClassLoaderWorker.java:121)
	at org.gradle.process.internal.worker.child.SystemApplicationClassLoaderWorker.call(SystemApplicationClassLoaderWorker.java:71)
	at app//worker.org.gradle.process.internal.worker.GradleWorkerMain.run(GradleWorkerMain.java:69)
	at app//worker.org.gradle.process.internal.worker.GradleWorkerMain.main(GradleWorkerMain.java:74)
</pre>
</span>
</div>
</div>
<div id="tab1" class="tab">
<h2>Tests</h2>
<table>
<thead>
<tr>
<th>Test</th>
<th>Duration</th>
<th>Result</th>
</tr>
</thead>
<tr>
<td class="success">testApplePos3</td>
<td class="success">0.004s</td>
<td class="success">passed</td>
</tr>
<tr>
<td class="success">testApplePos8</td>
<td class="success">0.003s</td>
<td class="success">passed</td>
</tr>
<tr>
<td class="failures">testNoRoomForApple</td>
<td class="failures">0.056s</td>
<td class="failures">failed</td>
</tr>
<tr>
<td class="success">testStartCorrectly</td>
<td class="success">0.129s</td>
<td class="success">passed</td>
</tr>
</table>
</div>
</div>
<div id="footer">
<p>
<div>
<label class="hidden" id="label-for-line-wrapping-toggle" for="line-wrapping-toggle">Wrap lines
<input id="line-wrapping-toggle" type="checkbox" autocomplete="off"/>
</label>
</div>Generated by 
<a href="http://www.gradle.org">Gradle 8.10</a> at Sep 17, 2024, 10:29:01 PM</p>
</div>
</div>
</body>
</html>
